ARM GAS  C:\Users\baske\AppData\Local\Temp\ccXOZr1N.s 			page 1


   1              		.cpu cortex-m4
   2              		.arch armv7e-m
   3              		.fpu fpv4-sp-d16
   4              		.eabi_attribute 27, 1
   5              		.eabi_attribute 28, 1
   6              		.eabi_attribute 20, 1
   7              		.eabi_attribute 21, 1
   8              		.eabi_attribute 23, 3
   9              		.eabi_attribute 24, 1
  10              		.eabi_attribute 25, 1
  11              		.eabi_attribute 26, 1
  12              		.eabi_attribute 30, 1
  13              		.eabi_attribute 34, 1
  14              		.eabi_attribute 18, 4
  15              		.file	"main.c"
  16              		.text
  17              	.Ltext0:
  18              		.cfi_sections	.debug_frame
  19              		.section	.text.Error_Handler,"ax",%progbits
  20              		.align	1
  21              		.global	Error_Handler
  22              		.syntax unified
  23              		.thumb
  24              		.thumb_func
  26              	Error_Handler:
  27              	.LFB132:
  28              		.file 1 "Core/Src/main.c"
   1:Core/Src/main.c **** /* USER CODE BEGIN Header */
   2:Core/Src/main.c **** /**
   3:Core/Src/main.c ****   ******************************************************************************
   4:Core/Src/main.c ****   * @file           : main.c
   5:Core/Src/main.c ****   * @brief          : Main program body
   6:Core/Src/main.c ****   ******************************************************************************
   7:Core/Src/main.c ****   * @attention
   8:Core/Src/main.c ****   *
   9:Core/Src/main.c ****   * Copyright (c) 2023 STMicroelectronics.
  10:Core/Src/main.c ****   * All rights reserved.
  11:Core/Src/main.c ****   *
  12:Core/Src/main.c ****   * This software is licensed under terms that can be found in the LICENSE file
  13:Core/Src/main.c ****   * in the root directory of this software component.
  14:Core/Src/main.c ****   * If no LICENSE file comes with this software, it is provided AS-IS.
  15:Core/Src/main.c ****   *
  16:Core/Src/main.c ****   ******************************************************************************
  17:Core/Src/main.c ****   */
  18:Core/Src/main.c **** /* USER CODE END Header */
  19:Core/Src/main.c **** /* Includes ------------------------------------------------------------------*/
  20:Core/Src/main.c **** #include "main.h"
  21:Core/Src/main.c **** #include "i2c.h"
  22:Core/Src/main.c **** #include "tim.h"
  23:Core/Src/main.c **** #include "usart.h"
  24:Core/Src/main.c **** #include "gpio.h"
  25:Core/Src/main.c **** 
  26:Core/Src/main.c **** /* Private includes ----------------------------------------------------------*/
  27:Core/Src/main.c **** /* USER CODE BEGIN Includes */
  28:Core/Src/main.c **** #include "BNO055.h"
  29:Core/Src/main.c **** #include "motor.h"
  30:Core/Src/main.c **** /* USER CODE END Includes */
ARM GAS  C:\Users\baske\AppData\Local\Temp\ccXOZr1N.s 			page 2


  31:Core/Src/main.c **** 
  32:Core/Src/main.c **** /* Private typedef -----------------------------------------------------------*/
  33:Core/Src/main.c **** /* USER CODE BEGIN PTD */
  34:Core/Src/main.c **** 
  35:Core/Src/main.c **** /* USER CODE END PTD */
  36:Core/Src/main.c **** 
  37:Core/Src/main.c **** /* Private define ------------------------------------------------------------*/
  38:Core/Src/main.c **** /* USER CODE BEGIN PD */
  39:Core/Src/main.c **** 
  40:Core/Src/main.c **** /* USER CODE END PD */
  41:Core/Src/main.c **** 
  42:Core/Src/main.c **** /* Private macro -------------------------------------------------------------*/
  43:Core/Src/main.c **** /* USER CODE BEGIN PM */
  44:Core/Src/main.c **** 
  45:Core/Src/main.c **** /* USER CODE END PM */
  46:Core/Src/main.c **** 
  47:Core/Src/main.c **** /* Private variables ---------------------------------------------------------*/
  48:Core/Src/main.c **** 
  49:Core/Src/main.c **** /* USER CODE BEGIN PV */
  50:Core/Src/main.c **** 
  51:Core/Src/main.c **** /* USER CODE END PV */
  52:Core/Src/main.c **** 
  53:Core/Src/main.c **** /* Private function prototypes -----------------------------------------------*/
  54:Core/Src/main.c **** void SystemClock_Config(void);
  55:Core/Src/main.c **** /* USER CODE BEGIN PFP */
  56:Core/Src/main.c **** 
  57:Core/Src/main.c **** /* USER CODE END PFP */
  58:Core/Src/main.c **** 
  59:Core/Src/main.c **** /* Private user code ---------------------------------------------------------*/
  60:Core/Src/main.c **** /* USER CODE BEGIN 0 */
  61:Core/Src/main.c **** 
  62:Core/Src/main.c **** /* Servo Motor Struct */
  63:Core/Src/main.c **** Servo_Config_t servoConfig;
  64:Core/Src/main.c **** Servo_Instance_t servoInstance;
  65:Core/Src/main.c **** 
  66:Core/Src/main.c **** /* Actuator Struct */
  67:Core/Src/main.c **** Actuator_Config_t actConfig;
  68:Core/Src/main.c **** Actuator_Instance_t actInstance;
  69:Core/Src/main.c **** 
  70:Core/Src/main.c **** /* DCMotor Struct */
  71:Core/Src/main.c **** 
  72:Core/Src/main.c **** 
  73:Core/Src/main.c **** 
  74:Core/Src/main.c **** /* General Motor Var */
  75:Core/Src/main.c **** Servo_Error servoError;
  76:Core/Src/main.c **** Actuator_Error actError;
  77:Core/Src/main.c **** DCMotor_Error dcError;
  78:Core/Src/main.c **** 
  79:Core/Src/main.c **** /* USER CODE END 0 */
  80:Core/Src/main.c **** 
  81:Core/Src/main.c **** /**
  82:Core/Src/main.c ****   * @brief  The application entry point.
  83:Core/Src/main.c ****   * @retval int
  84:Core/Src/main.c ****   */
  85:Core/Src/main.c **** int main(void)
  86:Core/Src/main.c **** {
  87:Core/Src/main.c ****   /* USER CODE BEGIN 1 */
ARM GAS  C:\Users\baske\AppData\Local\Temp\ccXOZr1N.s 			page 3


  88:Core/Src/main.c **** 
  89:Core/Src/main.c ****   /* USER CODE END 1 */
  90:Core/Src/main.c **** 
  91:Core/Src/main.c ****   /* MCU Configuration--------------------------------------------------------*/
  92:Core/Src/main.c **** 
  93:Core/Src/main.c ****   /* Reset of all peripherals, Initializes the Flash interface and the Systick. */
  94:Core/Src/main.c ****   HAL_Init();
  95:Core/Src/main.c **** 
  96:Core/Src/main.c ****   /* USER CODE BEGIN Init */
  97:Core/Src/main.c **** 
  98:Core/Src/main.c ****   /* USER CODE END Init */
  99:Core/Src/main.c **** 
 100:Core/Src/main.c ****   /* Configure the system clock */
 101:Core/Src/main.c ****   SystemClock_Config();
 102:Core/Src/main.c **** 
 103:Core/Src/main.c ****   /* USER CODE BEGIN SysInit */
 104:Core/Src/main.c **** 
 105:Core/Src/main.c ****   /* USER CODE END SysInit */
 106:Core/Src/main.c **** 
 107:Core/Src/main.c ****   /* Initialize all configured peripherals */
 108:Core/Src/main.c ****   MX_GPIO_Init();
 109:Core/Src/main.c ****   MX_USART2_UART_Init();
 110:Core/Src/main.c ****   MX_I2C1_Init();
 111:Core/Src/main.c ****   MX_TIM5_Init();
 112:Core/Src/main.c ****   MX_TIM12_Init();
 113:Core/Src/main.c ****   MX_TIM3_Init();
 114:Core/Src/main.c ****   /* USER CODE BEGIN 2 */
 115:Core/Src/main.c **** 
 116:Core/Src/main.c ****   servoConfig.minDuty   = 0.025;
 117:Core/Src/main.c ****   servoConfig.maxDuty   = 0.125;
 118:Core/Src/main.c ****   servoConfig.minAngle  = -90;
 119:Core/Src/main.c ****   servoConfig.minAngle  = 90;
 120:Core/Src/main.c **** 
 121:Core/Src/main.c ****   servoInstance.htim    = &htim3;
 122:Core/Src/main.c ****   servoInstance.channel = TIM_CHANNEL_2;
 123:Core/Src/main.c ****   servoInstance.config  = &servoConfig;
 124:Core/Src/main.c **** 
 125:Core/Src/main.c ****   actConfig.Min_Pulse   = 900;
 126:Core/Src/main.c ****   actConfig.Max_Pulse   = 2100;
 127:Core/Src/main.c ****   actConfig.Min_Length  = 0;
 128:Core/Src/main.c ****   actConfig.Max_Length  = 30;
 129:Core/Src/main.c **** 
 130:Core/Src/main.c ****   actInstance.Act_Timer = &htim3;
 131:Core/Src/main.c ****   actInstance.Channel   = TIM_CHANNEL_1;
 132:Core/Src/main.c ****   actInstance.config    = &actConfig;
 133:Core/Src/main.c **** 
 134:Core/Src/main.c **** 
 135:Core/Src/main.c **** 
 136:Core/Src/main.c ****   Actuator_Init(&actInstance);
 137:Core/Src/main.c **** 
 138:Core/Src/main.c ****   /* USER CODE END 2 */
 139:Core/Src/main.c **** 
 140:Core/Src/main.c ****   /* Infinite loop */
 141:Core/Src/main.c ****   /* USER CODE BEGIN WHILE */
 142:Core/Src/main.c ****   while (1)
 143:Core/Src/main.c ****   {
 144:Core/Src/main.c ****     /* USER CODE END WHILE */
ARM GAS  C:\Users\baske\AppData\Local\Temp\ccXOZr1N.s 			page 4


 145:Core/Src/main.c **** 
 146:Core/Src/main.c ****     /* USER CODE BEGIN 3 */
 147:Core/Src/main.c ****   }
 148:Core/Src/main.c ****   /* USER CODE END 3 */
 149:Core/Src/main.c **** }
 150:Core/Src/main.c **** 
 151:Core/Src/main.c **** /**
 152:Core/Src/main.c ****   * @brief System Clock Configuration
 153:Core/Src/main.c ****   * @retval None
 154:Core/Src/main.c ****   */
 155:Core/Src/main.c **** void SystemClock_Config(void)
 156:Core/Src/main.c **** {
 157:Core/Src/main.c ****   RCC_OscInitTypeDef RCC_OscInitStruct = {0};
 158:Core/Src/main.c ****   RCC_ClkInitTypeDef RCC_ClkInitStruct = {0};
 159:Core/Src/main.c **** 
 160:Core/Src/main.c ****   /** Configure the main internal regulator output voltage
 161:Core/Src/main.c ****   */
 162:Core/Src/main.c ****   __HAL_RCC_PWR_CLK_ENABLE();
 163:Core/Src/main.c ****   __HAL_PWR_VOLTAGESCALING_CONFIG(PWR_REGULATOR_VOLTAGE_SCALE1);
 164:Core/Src/main.c **** 
 165:Core/Src/main.c ****   /** Initializes the RCC Oscillators according to the specified parameters
 166:Core/Src/main.c ****   * in the RCC_OscInitTypeDef structure.
 167:Core/Src/main.c ****   */
 168:Core/Src/main.c ****   RCC_OscInitStruct.OscillatorType = RCC_OSCILLATORTYPE_HSI;
 169:Core/Src/main.c ****   RCC_OscInitStruct.HSIState = RCC_HSI_ON;
 170:Core/Src/main.c ****   RCC_OscInitStruct.HSICalibrationValue = RCC_HSICALIBRATION_DEFAULT;
 171:Core/Src/main.c ****   RCC_OscInitStruct.PLL.PLLState = RCC_PLL_ON;
 172:Core/Src/main.c ****   RCC_OscInitStruct.PLL.PLLSource = RCC_PLLSOURCE_HSI;
 173:Core/Src/main.c ****   RCC_OscInitStruct.PLL.PLLM = 8;
 174:Core/Src/main.c ****   RCC_OscInitStruct.PLL.PLLN = 180;
 175:Core/Src/main.c ****   RCC_OscInitStruct.PLL.PLLP = RCC_PLLP_DIV2;
 176:Core/Src/main.c ****   RCC_OscInitStruct.PLL.PLLQ = 2;
 177:Core/Src/main.c ****   RCC_OscInitStruct.PLL.PLLR = 2;
 178:Core/Src/main.c ****   if (HAL_RCC_OscConfig(&RCC_OscInitStruct) != HAL_OK)
 179:Core/Src/main.c ****   {
 180:Core/Src/main.c ****     Error_Handler();
 181:Core/Src/main.c ****   }
 182:Core/Src/main.c **** 
 183:Core/Src/main.c ****   /** Activate the Over-Drive mode
 184:Core/Src/main.c ****   */
 185:Core/Src/main.c ****   if (HAL_PWREx_EnableOverDrive() != HAL_OK)
 186:Core/Src/main.c ****   {
 187:Core/Src/main.c ****     Error_Handler();
 188:Core/Src/main.c ****   }
 189:Core/Src/main.c **** 
 190:Core/Src/main.c ****   /** Initializes the CPU, AHB and APB buses clocks
 191:Core/Src/main.c ****   */
 192:Core/Src/main.c ****   RCC_ClkInitStruct.ClockType = RCC_CLOCKTYPE_HCLK|RCC_CLOCKTYPE_SYSCLK
 193:Core/Src/main.c ****                               |RCC_CLOCKTYPE_PCLK1|RCC_CLOCKTYPE_PCLK2;
 194:Core/Src/main.c ****   RCC_ClkInitStruct.SYSCLKSource = RCC_SYSCLKSOURCE_PLLCLK;
 195:Core/Src/main.c ****   RCC_ClkInitStruct.AHBCLKDivider = RCC_SYSCLK_DIV1;
 196:Core/Src/main.c ****   RCC_ClkInitStruct.APB1CLKDivider = RCC_HCLK_DIV4;
 197:Core/Src/main.c ****   RCC_ClkInitStruct.APB2CLKDivider = RCC_HCLK_DIV2;
 198:Core/Src/main.c **** 
 199:Core/Src/main.c ****   if (HAL_RCC_ClockConfig(&RCC_ClkInitStruct, FLASH_LATENCY_5) != HAL_OK)
 200:Core/Src/main.c ****   {
 201:Core/Src/main.c ****     Error_Handler();
ARM GAS  C:\Users\baske\AppData\Local\Temp\ccXOZr1N.s 			page 5


 202:Core/Src/main.c ****   }
 203:Core/Src/main.c **** }
 204:Core/Src/main.c **** 
 205:Core/Src/main.c **** /* USER CODE BEGIN 4 */
 206:Core/Src/main.c **** 
 207:Core/Src/main.c **** /* USER CODE END 4 */
 208:Core/Src/main.c **** 
 209:Core/Src/main.c **** /**
 210:Core/Src/main.c ****   * @brief  This function is executed in case of error occurrence.
 211:Core/Src/main.c ****   * @retval None
 212:Core/Src/main.c ****   */
 213:Core/Src/main.c **** void Error_Handler(void)
 214:Core/Src/main.c **** {
  29              		.loc 1 214 1 view -0
  30              		.cfi_startproc
  31              		@ Volatile: function does not return.
  32              		@ args = 0, pretend = 0, frame = 0
  33              		@ frame_needed = 0, uses_anonymous_args = 0
  34              		@ link register save eliminated.
 215:Core/Src/main.c ****   /* USER CODE BEGIN Error_Handler_Debug */
 216:Core/Src/main.c ****   /* User can add his own implementation to report the HAL error return state */
 217:Core/Src/main.c ****   __disable_irq();
  35              		.loc 1 217 3 view .LVU1
  36              	.LBB4:
  37              	.LBI4:
  38              		.file 2 "Drivers/CMSIS/Include/cmsis_gcc.h"
   1:Drivers/CMSIS/Include/cmsis_gcc.h **** /**************************************************************************//**
   2:Drivers/CMSIS/Include/cmsis_gcc.h ****  * @file     cmsis_gcc.h
   3:Drivers/CMSIS/Include/cmsis_gcc.h ****  * @brief    CMSIS compiler GCC header file
   4:Drivers/CMSIS/Include/cmsis_gcc.h ****  * @version  V5.0.4
   5:Drivers/CMSIS/Include/cmsis_gcc.h ****  * @date     09. April 2018
   6:Drivers/CMSIS/Include/cmsis_gcc.h ****  ******************************************************************************/
   7:Drivers/CMSIS/Include/cmsis_gcc.h **** /*
   8:Drivers/CMSIS/Include/cmsis_gcc.h ****  * Copyright (c) 2009-2018 Arm Limited. All rights reserved.
   9:Drivers/CMSIS/Include/cmsis_gcc.h ****  *
  10:Drivers/CMSIS/Include/cmsis_gcc.h ****  * SPDX-License-Identifier: Apache-2.0
  11:Drivers/CMSIS/Include/cmsis_gcc.h ****  *
  12:Drivers/CMSIS/Include/cmsis_gcc.h ****  * Licensed under the Apache License, Version 2.0 (the License); you may
  13:Drivers/CMSIS/Include/cmsis_gcc.h ****  * not use this file except in compliance with the License.
  14:Drivers/CMSIS/Include/cmsis_gcc.h ****  * You may obtain a copy of the License at
  15:Drivers/CMSIS/Include/cmsis_gcc.h ****  *
  16:Drivers/CMSIS/Include/cmsis_gcc.h ****  * www.apache.org/licenses/LICENSE-2.0
  17:Drivers/CMSIS/Include/cmsis_gcc.h ****  *
  18:Drivers/CMSIS/Include/cmsis_gcc.h ****  * Unless required by applicable law or agreed to in writing, software
  19:Drivers/CMSIS/Include/cmsis_gcc.h ****  * distributed under the License is distributed on an AS IS BASIS, WITHOUT
  20:Drivers/CMSIS/Include/cmsis_gcc.h ****  * WARRANTIES OR CONDITIONS OF ANY KIND, either express or implied.
  21:Drivers/CMSIS/Include/cmsis_gcc.h ****  * See the License for the specific language governing permissions and
  22:Drivers/CMSIS/Include/cmsis_gcc.h ****  * limitations under the License.
  23:Drivers/CMSIS/Include/cmsis_gcc.h ****  */
  24:Drivers/CMSIS/Include/cmsis_gcc.h **** 
  25:Drivers/CMSIS/Include/cmsis_gcc.h **** #ifndef __CMSIS_GCC_H
  26:Drivers/CMSIS/Include/cmsis_gcc.h **** #define __CMSIS_GCC_H
  27:Drivers/CMSIS/Include/cmsis_gcc.h **** 
  28:Drivers/CMSIS/Include/cmsis_gcc.h **** /* ignore some GCC warnings */
  29:Drivers/CMSIS/Include/cmsis_gcc.h **** #pragma GCC diagnostic push
  30:Drivers/CMSIS/Include/cmsis_gcc.h **** #pragma GCC diagnostic ignored "-Wsign-conversion"
  31:Drivers/CMSIS/Include/cmsis_gcc.h **** #pragma GCC diagnostic ignored "-Wconversion"
ARM GAS  C:\Users\baske\AppData\Local\Temp\ccXOZr1N.s 			page 6


  32:Drivers/CMSIS/Include/cmsis_gcc.h **** #pragma GCC diagnostic ignored "-Wunused-parameter"
  33:Drivers/CMSIS/Include/cmsis_gcc.h **** 
  34:Drivers/CMSIS/Include/cmsis_gcc.h **** /* Fallback for __has_builtin */
  35:Drivers/CMSIS/Include/cmsis_gcc.h **** #ifndef __has_builtin
  36:Drivers/CMSIS/Include/cmsis_gcc.h ****   #define __has_builtin(x) (0)
  37:Drivers/CMSIS/Include/cmsis_gcc.h **** #endif
  38:Drivers/CMSIS/Include/cmsis_gcc.h **** 
  39:Drivers/CMSIS/Include/cmsis_gcc.h **** /* CMSIS compiler specific defines */
  40:Drivers/CMSIS/Include/cmsis_gcc.h **** #ifndef   __ASM
  41:Drivers/CMSIS/Include/cmsis_gcc.h ****   #define __ASM                                  __asm
  42:Drivers/CMSIS/Include/cmsis_gcc.h **** #endif
  43:Drivers/CMSIS/Include/cmsis_gcc.h **** #ifndef   __INLINE
  44:Drivers/CMSIS/Include/cmsis_gcc.h ****   #define __INLINE                               inline
  45:Drivers/CMSIS/Include/cmsis_gcc.h **** #endif
  46:Drivers/CMSIS/Include/cmsis_gcc.h **** #ifndef   __STATIC_INLINE
  47:Drivers/CMSIS/Include/cmsis_gcc.h ****   #define __STATIC_INLINE                        static inline
  48:Drivers/CMSIS/Include/cmsis_gcc.h **** #endif
  49:Drivers/CMSIS/Include/cmsis_gcc.h **** #ifndef   __STATIC_FORCEINLINE                 
  50:Drivers/CMSIS/Include/cmsis_gcc.h ****   #define __STATIC_FORCEINLINE                   __attribute__((always_inline)) static inline
  51:Drivers/CMSIS/Include/cmsis_gcc.h **** #endif                                           
  52:Drivers/CMSIS/Include/cmsis_gcc.h **** #ifndef   __NO_RETURN
  53:Drivers/CMSIS/Include/cmsis_gcc.h ****   #define __NO_RETURN                            __attribute__((__noreturn__))
  54:Drivers/CMSIS/Include/cmsis_gcc.h **** #endif
  55:Drivers/CMSIS/Include/cmsis_gcc.h **** #ifndef   __USED
  56:Drivers/CMSIS/Include/cmsis_gcc.h ****   #define __USED                                 __attribute__((used))
  57:Drivers/CMSIS/Include/cmsis_gcc.h **** #endif
  58:Drivers/CMSIS/Include/cmsis_gcc.h **** #ifndef   __WEAK
  59:Drivers/CMSIS/Include/cmsis_gcc.h ****   #define __WEAK                                 __attribute__((weak))
  60:Drivers/CMSIS/Include/cmsis_gcc.h **** #endif
  61:Drivers/CMSIS/Include/cmsis_gcc.h **** #ifndef   __PACKED
  62:Drivers/CMSIS/Include/cmsis_gcc.h ****   #define __PACKED                               __attribute__((packed, aligned(1)))
  63:Drivers/CMSIS/Include/cmsis_gcc.h **** #endif
  64:Drivers/CMSIS/Include/cmsis_gcc.h **** #ifndef   __PACKED_STRUCT
  65:Drivers/CMSIS/Include/cmsis_gcc.h ****   #define __PACKED_STRUCT                        struct __attribute__((packed, aligned(1)))
  66:Drivers/CMSIS/Include/cmsis_gcc.h **** #endif
  67:Drivers/CMSIS/Include/cmsis_gcc.h **** #ifndef   __PACKED_UNION
  68:Drivers/CMSIS/Include/cmsis_gcc.h ****   #define __PACKED_UNION                         union __attribute__((packed, aligned(1)))
  69:Drivers/CMSIS/Include/cmsis_gcc.h **** #endif
  70:Drivers/CMSIS/Include/cmsis_gcc.h **** #ifndef   __UNALIGNED_UINT32        /* deprecated */
  71:Drivers/CMSIS/Include/cmsis_gcc.h ****   #pragma GCC diagnostic push
  72:Drivers/CMSIS/Include/cmsis_gcc.h ****   #pragma GCC diagnostic ignored "-Wpacked"
  73:Drivers/CMSIS/Include/cmsis_gcc.h ****   #pragma GCC diagnostic ignored "-Wattributes"
  74:Drivers/CMSIS/Include/cmsis_gcc.h ****   struct __attribute__((packed)) T_UINT32 { uint32_t v; };
  75:Drivers/CMSIS/Include/cmsis_gcc.h ****   #pragma GCC diagnostic pop
  76:Drivers/CMSIS/Include/cmsis_gcc.h ****   #define __UNALIGNED_UINT32(x)                  (((struct T_UINT32 *)(x))->v)
  77:Drivers/CMSIS/Include/cmsis_gcc.h **** #endif
  78:Drivers/CMSIS/Include/cmsis_gcc.h **** #ifndef   __UNALIGNED_UINT16_WRITE
  79:Drivers/CMSIS/Include/cmsis_gcc.h ****   #pragma GCC diagnostic push
  80:Drivers/CMSIS/Include/cmsis_gcc.h ****   #pragma GCC diagnostic ignored "-Wpacked"
  81:Drivers/CMSIS/Include/cmsis_gcc.h ****   #pragma GCC diagnostic ignored "-Wattributes"
  82:Drivers/CMSIS/Include/cmsis_gcc.h ****   __PACKED_STRUCT T_UINT16_WRITE { uint16_t v; };
  83:Drivers/CMSIS/Include/cmsis_gcc.h ****   #pragma GCC diagnostic pop
  84:Drivers/CMSIS/Include/cmsis_gcc.h ****   #define __UNALIGNED_UINT16_WRITE(addr, val)    (void)((((struct T_UINT16_WRITE *)(void *)(addr))-
  85:Drivers/CMSIS/Include/cmsis_gcc.h **** #endif
  86:Drivers/CMSIS/Include/cmsis_gcc.h **** #ifndef   __UNALIGNED_UINT16_READ
  87:Drivers/CMSIS/Include/cmsis_gcc.h ****   #pragma GCC diagnostic push
  88:Drivers/CMSIS/Include/cmsis_gcc.h ****   #pragma GCC diagnostic ignored "-Wpacked"
ARM GAS  C:\Users\baske\AppData\Local\Temp\ccXOZr1N.s 			page 7


  89:Drivers/CMSIS/Include/cmsis_gcc.h ****   #pragma GCC diagnostic ignored "-Wattributes"
  90:Drivers/CMSIS/Include/cmsis_gcc.h ****   __PACKED_STRUCT T_UINT16_READ { uint16_t v; };
  91:Drivers/CMSIS/Include/cmsis_gcc.h ****   #pragma GCC diagnostic pop
  92:Drivers/CMSIS/Include/cmsis_gcc.h ****   #define __UNALIGNED_UINT16_READ(addr)          (((const struct T_UINT16_READ *)(const void *)(add
  93:Drivers/CMSIS/Include/cmsis_gcc.h **** #endif
  94:Drivers/CMSIS/Include/cmsis_gcc.h **** #ifndef   __UNALIGNED_UINT32_WRITE
  95:Drivers/CMSIS/Include/cmsis_gcc.h ****   #pragma GCC diagnostic push
  96:Drivers/CMSIS/Include/cmsis_gcc.h ****   #pragma GCC diagnostic ignored "-Wpacked"
  97:Drivers/CMSIS/Include/cmsis_gcc.h ****   #pragma GCC diagnostic ignored "-Wattributes"
  98:Drivers/CMSIS/Include/cmsis_gcc.h ****   __PACKED_STRUCT T_UINT32_WRITE { uint32_t v; };
  99:Drivers/CMSIS/Include/cmsis_gcc.h ****   #pragma GCC diagnostic pop
 100:Drivers/CMSIS/Include/cmsis_gcc.h ****   #define __UNALIGNED_UINT32_WRITE(addr, val)    (void)((((struct T_UINT32_WRITE *)(void *)(addr))-
 101:Drivers/CMSIS/Include/cmsis_gcc.h **** #endif
 102:Drivers/CMSIS/Include/cmsis_gcc.h **** #ifndef   __UNALIGNED_UINT32_READ
 103:Drivers/CMSIS/Include/cmsis_gcc.h ****   #pragma GCC diagnostic push
 104:Drivers/CMSIS/Include/cmsis_gcc.h ****   #pragma GCC diagnostic ignored "-Wpacked"
 105:Drivers/CMSIS/Include/cmsis_gcc.h ****   #pragma GCC diagnostic ignored "-Wattributes"
 106:Drivers/CMSIS/Include/cmsis_gcc.h ****   __PACKED_STRUCT T_UINT32_READ { uint32_t v; };
 107:Drivers/CMSIS/Include/cmsis_gcc.h ****   #pragma GCC diagnostic pop
 108:Drivers/CMSIS/Include/cmsis_gcc.h ****   #define __UNALIGNED_UINT32_READ(addr)          (((const struct T_UINT32_READ *)(const void *)(add
 109:Drivers/CMSIS/Include/cmsis_gcc.h **** #endif
 110:Drivers/CMSIS/Include/cmsis_gcc.h **** #ifndef   __ALIGNED
 111:Drivers/CMSIS/Include/cmsis_gcc.h ****   #define __ALIGNED(x)                           __attribute__((aligned(x)))
 112:Drivers/CMSIS/Include/cmsis_gcc.h **** #endif
 113:Drivers/CMSIS/Include/cmsis_gcc.h **** #ifndef   __RESTRICT
 114:Drivers/CMSIS/Include/cmsis_gcc.h ****   #define __RESTRICT                             __restrict
 115:Drivers/CMSIS/Include/cmsis_gcc.h **** #endif
 116:Drivers/CMSIS/Include/cmsis_gcc.h **** 
 117:Drivers/CMSIS/Include/cmsis_gcc.h **** 
 118:Drivers/CMSIS/Include/cmsis_gcc.h **** /* ###########################  Core Function Access  ########################### */
 119:Drivers/CMSIS/Include/cmsis_gcc.h **** /** \ingroup  CMSIS_Core_FunctionInterface
 120:Drivers/CMSIS/Include/cmsis_gcc.h ****     \defgroup CMSIS_Core_RegAccFunctions CMSIS Core Register Access Functions
 121:Drivers/CMSIS/Include/cmsis_gcc.h ****   @{
 122:Drivers/CMSIS/Include/cmsis_gcc.h ****  */
 123:Drivers/CMSIS/Include/cmsis_gcc.h **** 
 124:Drivers/CMSIS/Include/cmsis_gcc.h **** /**
 125:Drivers/CMSIS/Include/cmsis_gcc.h ****   \brief   Enable IRQ Interrupts
 126:Drivers/CMSIS/Include/cmsis_gcc.h ****   \details Enables IRQ interrupts by clearing the I-bit in the CPSR.
 127:Drivers/CMSIS/Include/cmsis_gcc.h ****            Can only be executed in Privileged modes.
 128:Drivers/CMSIS/Include/cmsis_gcc.h ****  */
 129:Drivers/CMSIS/Include/cmsis_gcc.h **** __STATIC_FORCEINLINE void __enable_irq(void)
 130:Drivers/CMSIS/Include/cmsis_gcc.h **** {
 131:Drivers/CMSIS/Include/cmsis_gcc.h ****   __ASM volatile ("cpsie i" : : : "memory");
 132:Drivers/CMSIS/Include/cmsis_gcc.h **** }
 133:Drivers/CMSIS/Include/cmsis_gcc.h **** 
 134:Drivers/CMSIS/Include/cmsis_gcc.h **** 
 135:Drivers/CMSIS/Include/cmsis_gcc.h **** /**
 136:Drivers/CMSIS/Include/cmsis_gcc.h ****   \brief   Disable IRQ Interrupts
 137:Drivers/CMSIS/Include/cmsis_gcc.h ****   \details Disables IRQ interrupts by setting the I-bit in the CPSR.
 138:Drivers/CMSIS/Include/cmsis_gcc.h ****            Can only be executed in Privileged modes.
 139:Drivers/CMSIS/Include/cmsis_gcc.h ****  */
 140:Drivers/CMSIS/Include/cmsis_gcc.h **** __STATIC_FORCEINLINE void __disable_irq(void)
  39              		.loc 2 140 27 view .LVU2
  40              	.LBB5:
 141:Drivers/CMSIS/Include/cmsis_gcc.h **** {
 142:Drivers/CMSIS/Include/cmsis_gcc.h ****   __ASM volatile ("cpsid i" : : : "memory");
  41              		.loc 2 142 3 view .LVU3
ARM GAS  C:\Users\baske\AppData\Local\Temp\ccXOZr1N.s 			page 8


  42              		.syntax unified
  43              	@ 142 "Drivers/CMSIS/Include/cmsis_gcc.h" 1
  44 0000 72B6     		cpsid i
  45              	@ 0 "" 2
  46              		.thumb
  47              		.syntax unified
  48              	.L2:
  49              	.LBE5:
  50              	.LBE4:
 218:Core/Src/main.c ****   while (1)
  51              		.loc 1 218 3 discriminator 1 view .LVU4
 219:Core/Src/main.c ****   {
 220:Core/Src/main.c ****   }
  52              		.loc 1 220 3 discriminator 1 view .LVU5
 218:Core/Src/main.c ****   while (1)
  53              		.loc 1 218 9 discriminator 1 view .LVU6
  54 0002 FEE7     		b	.L2
  55              		.cfi_endproc
  56              	.LFE132:
  58              		.section	.text.SystemClock_Config,"ax",%progbits
  59              		.align	1
  60              		.global	SystemClock_Config
  61              		.syntax unified
  62              		.thumb
  63              		.thumb_func
  65              	SystemClock_Config:
  66              	.LFB131:
 156:Core/Src/main.c ****   RCC_OscInitTypeDef RCC_OscInitStruct = {0};
  67              		.loc 1 156 1 view -0
  68              		.cfi_startproc
  69              		@ args = 0, pretend = 0, frame = 80
  70              		@ frame_needed = 0, uses_anonymous_args = 0
  71 0000 00B5     		push	{lr}
  72              		.cfi_def_cfa_offset 4
  73              		.cfi_offset 14, -4
  74 0002 95B0     		sub	sp, sp, #84
  75              		.cfi_def_cfa_offset 88
 157:Core/Src/main.c ****   RCC_ClkInitTypeDef RCC_ClkInitStruct = {0};
  76              		.loc 1 157 3 view .LVU8
 157:Core/Src/main.c ****   RCC_ClkInitTypeDef RCC_ClkInitStruct = {0};
  77              		.loc 1 157 22 is_stmt 0 view .LVU9
  78 0004 3422     		movs	r2, #52
  79 0006 0021     		movs	r1, #0
  80 0008 07A8     		add	r0, sp, #28
  81 000a FFF7FEFF 		bl	memset
  82              	.LVL0:
 158:Core/Src/main.c **** 
  83              		.loc 1 158 3 is_stmt 1 view .LVU10
 158:Core/Src/main.c **** 
  84              		.loc 1 158 22 is_stmt 0 view .LVU11
  85 000e 0023     		movs	r3, #0
  86 0010 0293     		str	r3, [sp, #8]
  87 0012 0393     		str	r3, [sp, #12]
  88 0014 0493     		str	r3, [sp, #16]
  89 0016 0593     		str	r3, [sp, #20]
  90 0018 0693     		str	r3, [sp, #24]
 162:Core/Src/main.c ****   __HAL_PWR_VOLTAGESCALING_CONFIG(PWR_REGULATOR_VOLTAGE_SCALE1);
ARM GAS  C:\Users\baske\AppData\Local\Temp\ccXOZr1N.s 			page 9


  91              		.loc 1 162 3 is_stmt 1 view .LVU12
  92              	.LBB6:
 162:Core/Src/main.c ****   __HAL_PWR_VOLTAGESCALING_CONFIG(PWR_REGULATOR_VOLTAGE_SCALE1);
  93              		.loc 1 162 3 view .LVU13
  94 001a 0093     		str	r3, [sp]
 162:Core/Src/main.c ****   __HAL_PWR_VOLTAGESCALING_CONFIG(PWR_REGULATOR_VOLTAGE_SCALE1);
  95              		.loc 1 162 3 view .LVU14
  96 001c 224A     		ldr	r2, .L11
  97 001e 116C     		ldr	r1, [r2, #64]
  98 0020 41F08051 		orr	r1, r1, #268435456
  99 0024 1164     		str	r1, [r2, #64]
 162:Core/Src/main.c ****   __HAL_PWR_VOLTAGESCALING_CONFIG(PWR_REGULATOR_VOLTAGE_SCALE1);
 100              		.loc 1 162 3 view .LVU15
 101 0026 126C     		ldr	r2, [r2, #64]
 102 0028 02F08052 		and	r2, r2, #268435456
 103 002c 0092     		str	r2, [sp]
 162:Core/Src/main.c ****   __HAL_PWR_VOLTAGESCALING_CONFIG(PWR_REGULATOR_VOLTAGE_SCALE1);
 104              		.loc 1 162 3 view .LVU16
 105 002e 009A     		ldr	r2, [sp]
 106              	.LBE6:
 162:Core/Src/main.c ****   __HAL_PWR_VOLTAGESCALING_CONFIG(PWR_REGULATOR_VOLTAGE_SCALE1);
 107              		.loc 1 162 3 view .LVU17
 163:Core/Src/main.c **** 
 108              		.loc 1 163 3 view .LVU18
 109              	.LBB7:
 163:Core/Src/main.c **** 
 110              		.loc 1 163 3 view .LVU19
 111 0030 0193     		str	r3, [sp, #4]
 163:Core/Src/main.c **** 
 112              		.loc 1 163 3 view .LVU20
 113 0032 1E4A     		ldr	r2, .L11+4
 114 0034 1168     		ldr	r1, [r2]
 115 0036 41F44041 		orr	r1, r1, #49152
 116 003a 1160     		str	r1, [r2]
 163:Core/Src/main.c **** 
 117              		.loc 1 163 3 view .LVU21
 118 003c 1268     		ldr	r2, [r2]
 119 003e 02F44042 		and	r2, r2, #49152
 120 0042 0192     		str	r2, [sp, #4]
 163:Core/Src/main.c **** 
 121              		.loc 1 163 3 view .LVU22
 122 0044 019A     		ldr	r2, [sp, #4]
 123              	.LBE7:
 163:Core/Src/main.c **** 
 124              		.loc 1 163 3 view .LVU23
 168:Core/Src/main.c ****   RCC_OscInitStruct.HSIState = RCC_HSI_ON;
 125              		.loc 1 168 3 view .LVU24
 168:Core/Src/main.c ****   RCC_OscInitStruct.HSIState = RCC_HSI_ON;
 126              		.loc 1 168 36 is_stmt 0 view .LVU25
 127 0046 0222     		movs	r2, #2
 128 0048 0792     		str	r2, [sp, #28]
 169:Core/Src/main.c ****   RCC_OscInitStruct.HSICalibrationValue = RCC_HSICALIBRATION_DEFAULT;
 129              		.loc 1 169 3 is_stmt 1 view .LVU26
 169:Core/Src/main.c ****   RCC_OscInitStruct.HSICalibrationValue = RCC_HSICALIBRATION_DEFAULT;
 130              		.loc 1 169 30 is_stmt 0 view .LVU27
 131 004a 0121     		movs	r1, #1
 132 004c 0A91     		str	r1, [sp, #40]
ARM GAS  C:\Users\baske\AppData\Local\Temp\ccXOZr1N.s 			page 10


 170:Core/Src/main.c ****   RCC_OscInitStruct.PLL.PLLState = RCC_PLL_ON;
 133              		.loc 1 170 3 is_stmt 1 view .LVU28
 170:Core/Src/main.c ****   RCC_OscInitStruct.PLL.PLLState = RCC_PLL_ON;
 134              		.loc 1 170 41 is_stmt 0 view .LVU29
 135 004e 1021     		movs	r1, #16
 136 0050 0B91     		str	r1, [sp, #44]
 171:Core/Src/main.c ****   RCC_OscInitStruct.PLL.PLLSource = RCC_PLLSOURCE_HSI;
 137              		.loc 1 171 3 is_stmt 1 view .LVU30
 171:Core/Src/main.c ****   RCC_OscInitStruct.PLL.PLLSource = RCC_PLLSOURCE_HSI;
 138              		.loc 1 171 34 is_stmt 0 view .LVU31
 139 0052 0D92     		str	r2, [sp, #52]
 172:Core/Src/main.c ****   RCC_OscInitStruct.PLL.PLLM = 8;
 140              		.loc 1 172 3 is_stmt 1 view .LVU32
 172:Core/Src/main.c ****   RCC_OscInitStruct.PLL.PLLM = 8;
 141              		.loc 1 172 35 is_stmt 0 view .LVU33
 142 0054 0E93     		str	r3, [sp, #56]
 173:Core/Src/main.c ****   RCC_OscInitStruct.PLL.PLLN = 180;
 143              		.loc 1 173 3 is_stmt 1 view .LVU34
 173:Core/Src/main.c ****   RCC_OscInitStruct.PLL.PLLN = 180;
 144              		.loc 1 173 30 is_stmt 0 view .LVU35
 145 0056 0823     		movs	r3, #8
 146 0058 0F93     		str	r3, [sp, #60]
 174:Core/Src/main.c ****   RCC_OscInitStruct.PLL.PLLP = RCC_PLLP_DIV2;
 147              		.loc 1 174 3 is_stmt 1 view .LVU36
 174:Core/Src/main.c ****   RCC_OscInitStruct.PLL.PLLP = RCC_PLLP_DIV2;
 148              		.loc 1 174 30 is_stmt 0 view .LVU37
 149 005a B423     		movs	r3, #180
 150 005c 1093     		str	r3, [sp, #64]
 175:Core/Src/main.c ****   RCC_OscInitStruct.PLL.PLLQ = 2;
 151              		.loc 1 175 3 is_stmt 1 view .LVU38
 175:Core/Src/main.c ****   RCC_OscInitStruct.PLL.PLLQ = 2;
 152              		.loc 1 175 30 is_stmt 0 view .LVU39
 153 005e 1192     		str	r2, [sp, #68]
 176:Core/Src/main.c ****   RCC_OscInitStruct.PLL.PLLR = 2;
 154              		.loc 1 176 3 is_stmt 1 view .LVU40
 176:Core/Src/main.c ****   RCC_OscInitStruct.PLL.PLLR = 2;
 155              		.loc 1 176 30 is_stmt 0 view .LVU41
 156 0060 1292     		str	r2, [sp, #72]
 177:Core/Src/main.c ****   if (HAL_RCC_OscConfig(&RCC_OscInitStruct) != HAL_OK)
 157              		.loc 1 177 3 is_stmt 1 view .LVU42
 177:Core/Src/main.c ****   if (HAL_RCC_OscConfig(&RCC_OscInitStruct) != HAL_OK)
 158              		.loc 1 177 30 is_stmt 0 view .LVU43
 159 0062 1392     		str	r2, [sp, #76]
 178:Core/Src/main.c ****   {
 160              		.loc 1 178 3 is_stmt 1 view .LVU44
 178:Core/Src/main.c ****   {
 161              		.loc 1 178 7 is_stmt 0 view .LVU45
 162 0064 07A8     		add	r0, sp, #28
 163 0066 FFF7FEFF 		bl	HAL_RCC_OscConfig
 164              	.LVL1:
 178:Core/Src/main.c ****   {
 165              		.loc 1 178 6 view .LVU46
 166 006a B0B9     		cbnz	r0, .L8
 185:Core/Src/main.c ****   {
 167              		.loc 1 185 3 is_stmt 1 view .LVU47
 185:Core/Src/main.c ****   {
 168              		.loc 1 185 7 is_stmt 0 view .LVU48
ARM GAS  C:\Users\baske\AppData\Local\Temp\ccXOZr1N.s 			page 11


 169 006c FFF7FEFF 		bl	HAL_PWREx_EnableOverDrive
 170              	.LVL2:
 185:Core/Src/main.c ****   {
 171              		.loc 1 185 6 view .LVU49
 172 0070 A8B9     		cbnz	r0, .L9
 192:Core/Src/main.c ****                               |RCC_CLOCKTYPE_PCLK1|RCC_CLOCKTYPE_PCLK2;
 173              		.loc 1 192 3 is_stmt 1 view .LVU50
 192:Core/Src/main.c ****                               |RCC_CLOCKTYPE_PCLK1|RCC_CLOCKTYPE_PCLK2;
 174              		.loc 1 192 31 is_stmt 0 view .LVU51
 175 0072 0F23     		movs	r3, #15
 176 0074 0293     		str	r3, [sp, #8]
 194:Core/Src/main.c ****   RCC_ClkInitStruct.AHBCLKDivider = RCC_SYSCLK_DIV1;
 177              		.loc 1 194 3 is_stmt 1 view .LVU52
 194:Core/Src/main.c ****   RCC_ClkInitStruct.AHBCLKDivider = RCC_SYSCLK_DIV1;
 178              		.loc 1 194 34 is_stmt 0 view .LVU53
 179 0076 0223     		movs	r3, #2
 180 0078 0393     		str	r3, [sp, #12]
 195:Core/Src/main.c ****   RCC_ClkInitStruct.APB1CLKDivider = RCC_HCLK_DIV4;
 181              		.loc 1 195 3 is_stmt 1 view .LVU54
 195:Core/Src/main.c ****   RCC_ClkInitStruct.APB1CLKDivider = RCC_HCLK_DIV4;
 182              		.loc 1 195 35 is_stmt 0 view .LVU55
 183 007a 0023     		movs	r3, #0
 184 007c 0493     		str	r3, [sp, #16]
 196:Core/Src/main.c ****   RCC_ClkInitStruct.APB2CLKDivider = RCC_HCLK_DIV2;
 185              		.loc 1 196 3 is_stmt 1 view .LVU56
 196:Core/Src/main.c ****   RCC_ClkInitStruct.APB2CLKDivider = RCC_HCLK_DIV2;
 186              		.loc 1 196 36 is_stmt 0 view .LVU57
 187 007e 4FF4A053 		mov	r3, #5120
 188 0082 0593     		str	r3, [sp, #20]
 197:Core/Src/main.c **** 
 189              		.loc 1 197 3 is_stmt 1 view .LVU58
 197:Core/Src/main.c **** 
 190              		.loc 1 197 36 is_stmt 0 view .LVU59
 191 0084 4FF48053 		mov	r3, #4096
 192 0088 0693     		str	r3, [sp, #24]
 199:Core/Src/main.c ****   {
 193              		.loc 1 199 3 is_stmt 1 view .LVU60
 199:Core/Src/main.c ****   {
 194              		.loc 1 199 7 is_stmt 0 view .LVU61
 195 008a 0521     		movs	r1, #5
 196 008c 02A8     		add	r0, sp, #8
 197 008e FFF7FEFF 		bl	HAL_RCC_ClockConfig
 198              	.LVL3:
 199:Core/Src/main.c ****   {
 199              		.loc 1 199 6 view .LVU62
 200 0092 30B9     		cbnz	r0, .L10
 203:Core/Src/main.c **** 
 201              		.loc 1 203 1 view .LVU63
 202 0094 15B0     		add	sp, sp, #84
 203              		.cfi_remember_state
 204              		.cfi_def_cfa_offset 4
 205              		@ sp needed
 206 0096 5DF804FB 		ldr	pc, [sp], #4
 207              	.L8:
 208              		.cfi_restore_state
 180:Core/Src/main.c ****   }
 209              		.loc 1 180 5 is_stmt 1 view .LVU64
ARM GAS  C:\Users\baske\AppData\Local\Temp\ccXOZr1N.s 			page 12


 210 009a FFF7FEFF 		bl	Error_Handler
 211              	.LVL4:
 212              	.L9:
 187:Core/Src/main.c ****   }
 213              		.loc 1 187 5 view .LVU65
 214 009e FFF7FEFF 		bl	Error_Handler
 215              	.LVL5:
 216              	.L10:
 201:Core/Src/main.c ****   }
 217              		.loc 1 201 5 view .LVU66
 218 00a2 FFF7FEFF 		bl	Error_Handler
 219              	.LVL6:
 220              	.L12:
 221 00a6 00BF     		.align	2
 222              	.L11:
 223 00a8 00380240 		.word	1073887232
 224 00ac 00700040 		.word	1073770496
 225              		.cfi_endproc
 226              	.LFE131:
 228              		.section	.text.main,"ax",%progbits
 229              		.align	1
 230              		.global	main
 231              		.syntax unified
 232              		.thumb
 233              		.thumb_func
 235              	main:
 236              	.LFB130:
  86:Core/Src/main.c ****   /* USER CODE BEGIN 1 */
 237              		.loc 1 86 1 view -0
 238              		.cfi_startproc
 239              		@ Volatile: function does not return.
 240              		@ args = 0, pretend = 0, frame = 0
 241              		@ frame_needed = 0, uses_anonymous_args = 0
 242 0000 08B5     		push	{r3, lr}
 243              		.cfi_def_cfa_offset 8
 244              		.cfi_offset 3, -8
 245              		.cfi_offset 14, -4
  94:Core/Src/main.c **** 
 246              		.loc 1 94 3 view .LVU68
 247 0002 FFF7FEFF 		bl	HAL_Init
 248              	.LVL7:
 101:Core/Src/main.c **** 
 249              		.loc 1 101 3 view .LVU69
 250 0006 FFF7FEFF 		bl	SystemClock_Config
 251              	.LVL8:
 108:Core/Src/main.c ****   MX_USART2_UART_Init();
 252              		.loc 1 108 3 view .LVU70
 253 000a FFF7FEFF 		bl	MX_GPIO_Init
 254              	.LVL9:
 109:Core/Src/main.c ****   MX_I2C1_Init();
 255              		.loc 1 109 3 view .LVU71
 256 000e FFF7FEFF 		bl	MX_USART2_UART_Init
 257              	.LVL10:
 110:Core/Src/main.c ****   MX_TIM5_Init();
 258              		.loc 1 110 3 view .LVU72
 259 0012 FFF7FEFF 		bl	MX_I2C1_Init
 260              	.LVL11:
ARM GAS  C:\Users\baske\AppData\Local\Temp\ccXOZr1N.s 			page 13


 111:Core/Src/main.c ****   MX_TIM12_Init();
 261              		.loc 1 111 3 view .LVU73
 262 0016 FFF7FEFF 		bl	MX_TIM5_Init
 263              	.LVL12:
 112:Core/Src/main.c ****   MX_TIM3_Init();
 264              		.loc 1 112 3 view .LVU74
 265 001a FFF7FEFF 		bl	MX_TIM12_Init
 266              	.LVL13:
 113:Core/Src/main.c ****   /* USER CODE BEGIN 2 */
 267              		.loc 1 113 3 view .LVU75
 268 001e FFF7FEFF 		bl	MX_TIM3_Init
 269              	.LVL14:
 116:Core/Src/main.c ****   servoConfig.maxDuty   = 0.125;
 270              		.loc 1 116 3 view .LVU76
 116:Core/Src/main.c ****   servoConfig.maxDuty   = 0.125;
 271              		.loc 1 116 25 is_stmt 0 view .LVU77
 272 0022 114B     		ldr	r3, .L16
 273 0024 114A     		ldr	r2, .L16+4
 274 0026 1A60     		str	r2, [r3]	@ float
 117:Core/Src/main.c ****   servoConfig.minAngle  = -90;
 275              		.loc 1 117 3 is_stmt 1 view .LVU78
 117:Core/Src/main.c ****   servoConfig.minAngle  = -90;
 276              		.loc 1 117 25 is_stmt 0 view .LVU79
 277 0028 4FF07852 		mov	r2, #1040187392
 278 002c 5A60     		str	r2, [r3, #4]	@ float
 118:Core/Src/main.c ****   servoConfig.minAngle  = 90;
 279              		.loc 1 118 3 is_stmt 1 view .LVU80
 118:Core/Src/main.c ****   servoConfig.minAngle  = 90;
 280              		.loc 1 118 25 is_stmt 0 view .LVU81
 281 002e A622     		movs	r2, #166
 282 0030 1A72     		strb	r2, [r3, #8]
 119:Core/Src/main.c **** 
 283              		.loc 1 119 3 is_stmt 1 view .LVU82
 119:Core/Src/main.c **** 
 284              		.loc 1 119 25 is_stmt 0 view .LVU83
 285 0032 5A22     		movs	r2, #90
 286 0034 1A72     		strb	r2, [r3, #8]
 121:Core/Src/main.c ****   servoInstance.channel = TIM_CHANNEL_2;
 287              		.loc 1 121 3 is_stmt 1 view .LVU84
 121:Core/Src/main.c ****   servoInstance.channel = TIM_CHANNEL_2;
 288              		.loc 1 121 25 is_stmt 0 view .LVU85
 289 0036 0E4A     		ldr	r2, .L16+8
 290 0038 0E49     		ldr	r1, .L16+12
 291 003a 1160     		str	r1, [r2]
 122:Core/Src/main.c ****   servoInstance.config  = &servoConfig;
 292              		.loc 1 122 3 is_stmt 1 view .LVU86
 122:Core/Src/main.c ****   servoInstance.config  = &servoConfig;
 293              		.loc 1 122 25 is_stmt 0 view .LVU87
 294 003c 0420     		movs	r0, #4
 295 003e 1071     		strb	r0, [r2, #4]
 123:Core/Src/main.c **** 
 296              		.loc 1 123 3 is_stmt 1 view .LVU88
 123:Core/Src/main.c **** 
 297              		.loc 1 123 25 is_stmt 0 view .LVU89
 298 0040 9360     		str	r3, [r2, #8]
 125:Core/Src/main.c ****   actConfig.Max_Pulse   = 2100;
 299              		.loc 1 125 3 is_stmt 1 view .LVU90
ARM GAS  C:\Users\baske\AppData\Local\Temp\ccXOZr1N.s 			page 14


 125:Core/Src/main.c ****   actConfig.Max_Pulse   = 2100;
 300              		.loc 1 125 25 is_stmt 0 view .LVU91
 301 0042 0D4B     		ldr	r3, .L16+16
 302 0044 4FF46172 		mov	r2, #900
 303 0048 1A80     		strh	r2, [r3]	@ movhi
 126:Core/Src/main.c ****   actConfig.Min_Length  = 0;
 304              		.loc 1 126 3 is_stmt 1 view .LVU92
 126:Core/Src/main.c ****   actConfig.Min_Length  = 0;
 305              		.loc 1 126 25 is_stmt 0 view .LVU93
 306 004a 40F63402 		movw	r2, #2100
 307 004e 5A80     		strh	r2, [r3, #2]	@ movhi
 127:Core/Src/main.c ****   actConfig.Max_Length  = 30;
 308              		.loc 1 127 3 is_stmt 1 view .LVU94
 127:Core/Src/main.c ****   actConfig.Max_Length  = 30;
 309              		.loc 1 127 25 is_stmt 0 view .LVU95
 310 0050 0022     		movs	r2, #0
 311 0052 1A71     		strb	r2, [r3, #4]
 128:Core/Src/main.c **** 
 312              		.loc 1 128 3 is_stmt 1 view .LVU96
 128:Core/Src/main.c **** 
 313              		.loc 1 128 25 is_stmt 0 view .LVU97
 314 0054 1E20     		movs	r0, #30
 315 0056 5871     		strb	r0, [r3, #5]
 130:Core/Src/main.c ****   actInstance.Channel   = TIM_CHANNEL_1;
 316              		.loc 1 130 3 is_stmt 1 view .LVU98
 130:Core/Src/main.c ****   actInstance.Channel   = TIM_CHANNEL_1;
 317              		.loc 1 130 25 is_stmt 0 view .LVU99
 318 0058 0848     		ldr	r0, .L16+20
 319 005a 0160     		str	r1, [r0]
 131:Core/Src/main.c ****   actInstance.config    = &actConfig;
 320              		.loc 1 131 3 is_stmt 1 view .LVU100
 131:Core/Src/main.c ****   actInstance.config    = &actConfig;
 321              		.loc 1 131 25 is_stmt 0 view .LVU101
 322 005c 0271     		strb	r2, [r0, #4]
 132:Core/Src/main.c **** 
 323              		.loc 1 132 3 is_stmt 1 view .LVU102
 132:Core/Src/main.c **** 
 324              		.loc 1 132 25 is_stmt 0 view .LVU103
 325 005e 8360     		str	r3, [r0, #8]
 136:Core/Src/main.c **** 
 326              		.loc 1 136 3 is_stmt 1 view .LVU104
 327 0060 FFF7FEFF 		bl	Actuator_Init
 328              	.LVL15:
 329              	.L14:
 142:Core/Src/main.c ****   {
 330              		.loc 1 142 3 discriminator 1 view .LVU105
 147:Core/Src/main.c ****   /* USER CODE END 3 */
 331              		.loc 1 147 3 discriminator 1 view .LVU106
 142:Core/Src/main.c ****   {
 332              		.loc 1 142 9 discriminator 1 view .LVU107
 333 0064 FEE7     		b	.L14
 334              	.L17:
 335 0066 00BF     		.align	2
 336              	.L16:
 337 0068 00000000 		.word	.LANCHOR0
 338 006c CDCCCC3C 		.word	1020054733
 339 0070 00000000 		.word	.LANCHOR1
ARM GAS  C:\Users\baske\AppData\Local\Temp\ccXOZr1N.s 			page 15


 340 0074 00000000 		.word	htim3
 341 0078 00000000 		.word	.LANCHOR2
 342 007c 00000000 		.word	.LANCHOR3
 343              		.cfi_endproc
 344              	.LFE130:
 346              		.global	dcError
 347              		.global	actError
 348              		.global	servoError
 349              		.global	actInstance
 350              		.global	actConfig
 351              		.global	servoInstance
 352              		.global	servoConfig
 353              		.section	.bss.actConfig,"aw",%nobits
 354              		.align	2
 355              		.set	.LANCHOR2,. + 0
 358              	actConfig:
 359 0000 00000000 		.space	6
 359      0000
 360              		.section	.bss.actError,"aw",%nobits
 363              	actError:
 364 0000 00       		.space	1
 365              		.section	.bss.actInstance,"aw",%nobits
 366              		.align	2
 367              		.set	.LANCHOR3,. + 0
 370              	actInstance:
 371 0000 00000000 		.space	16
 371      00000000 
 371      00000000 
 371      00000000 
 372              		.section	.bss.dcError,"aw",%nobits
 375              	dcError:
 376 0000 00       		.space	1
 377              		.section	.bss.servoConfig,"aw",%nobits
 378              		.align	2
 379              		.set	.LANCHOR0,. + 0
 382              	servoConfig:
 383 0000 00000000 		.space	12
 383      00000000 
 383      00000000 
 384              		.section	.bss.servoError,"aw",%nobits
 387              	servoError:
 388 0000 00       		.space	1
 389              		.section	.bss.servoInstance,"aw",%nobits
 390              		.align	2
 391              		.set	.LANCHOR1,. + 0
 394              	servoInstance:
 395 0000 00000000 		.space	20
 395      00000000 
 395      00000000 
 395      00000000 
 395      00000000 
 396              		.text
 397              	.Letext0:
 398              		.file 3 "c:\\users\\baske\\appdata\\roaming\\code\\user\\globalstorage\\bmd.stm32-for-vscode\\@xpa
 399              		.file 4 "c:\\users\\baske\\appdata\\roaming\\code\\user\\globalstorage\\bmd.stm32-for-vscode\\@xpa
 400              		.file 5 "Drivers/CMSIS/Device/ST/STM32F4xx/Include/stm32f446xx.h"
 401              		.file 6 "Drivers/STM32F4xx_HAL_Driver/Inc/stm32f4xx_hal_def.h"
ARM GAS  C:\Users\baske\AppData\Local\Temp\ccXOZr1N.s 			page 16


 402              		.file 7 "Drivers/STM32F4xx_HAL_Driver/Inc/stm32f4xx_hal_rcc_ex.h"
 403              		.file 8 "Drivers/STM32F4xx_HAL_Driver/Inc/stm32f4xx_hal_rcc.h"
 404              		.file 9 "Drivers/STM32F4xx_HAL_Driver/Inc/stm32f4xx_hal_dma.h"
 405              		.file 10 "Drivers/STM32F4xx_HAL_Driver/Inc/stm32f4xx_hal_tim.h"
 406              		.file 11 "Core/Inc/motor.h"
 407              		.file 12 "Core/Inc/tim.h"
 408              		.file 13 "Core/Inc/i2c.h"
 409              		.file 14 "Core/Inc/usart.h"
 410              		.file 15 "Core/Inc/gpio.h"
 411              		.file 16 "Drivers/STM32F4xx_HAL_Driver/Inc/stm32f4xx_hal_pwr_ex.h"
 412              		.file 17 "Drivers/STM32F4xx_HAL_Driver/Inc/stm32f4xx_hal.h"
 413              		.file 18 "<built-in>"
ARM GAS  C:\Users\baske\AppData\Local\Temp\ccXOZr1N.s 			page 17


DEFINED SYMBOLS
                            *ABS*:0000000000000000 main.c
C:\Users\baske\AppData\Local\Temp\ccXOZr1N.s:20     .text.Error_Handler:0000000000000000 $t
C:\Users\baske\AppData\Local\Temp\ccXOZr1N.s:26     .text.Error_Handler:0000000000000000 Error_Handler
C:\Users\baske\AppData\Local\Temp\ccXOZr1N.s:59     .text.SystemClock_Config:0000000000000000 $t
C:\Users\baske\AppData\Local\Temp\ccXOZr1N.s:65     .text.SystemClock_Config:0000000000000000 SystemClock_Config
C:\Users\baske\AppData\Local\Temp\ccXOZr1N.s:223    .text.SystemClock_Config:00000000000000a8 $d
C:\Users\baske\AppData\Local\Temp\ccXOZr1N.s:229    .text.main:0000000000000000 $t
C:\Users\baske\AppData\Local\Temp\ccXOZr1N.s:235    .text.main:0000000000000000 main
C:\Users\baske\AppData\Local\Temp\ccXOZr1N.s:337    .text.main:0000000000000068 $d
C:\Users\baske\AppData\Local\Temp\ccXOZr1N.s:375    .bss.dcError:0000000000000000 dcError
C:\Users\baske\AppData\Local\Temp\ccXOZr1N.s:363    .bss.actError:0000000000000000 actError
C:\Users\baske\AppData\Local\Temp\ccXOZr1N.s:387    .bss.servoError:0000000000000000 servoError
C:\Users\baske\AppData\Local\Temp\ccXOZr1N.s:370    .bss.actInstance:0000000000000000 actInstance
C:\Users\baske\AppData\Local\Temp\ccXOZr1N.s:358    .bss.actConfig:0000000000000000 actConfig
C:\Users\baske\AppData\Local\Temp\ccXOZr1N.s:394    .bss.servoInstance:0000000000000000 servoInstance
C:\Users\baske\AppData\Local\Temp\ccXOZr1N.s:382    .bss.servoConfig:0000000000000000 servoConfig
C:\Users\baske\AppData\Local\Temp\ccXOZr1N.s:354    .bss.actConfig:0000000000000000 $d
C:\Users\baske\AppData\Local\Temp\ccXOZr1N.s:364    .bss.actError:0000000000000000 $d
C:\Users\baske\AppData\Local\Temp\ccXOZr1N.s:366    .bss.actInstance:0000000000000000 $d
C:\Users\baske\AppData\Local\Temp\ccXOZr1N.s:376    .bss.dcError:0000000000000000 $d
C:\Users\baske\AppData\Local\Temp\ccXOZr1N.s:378    .bss.servoConfig:0000000000000000 $d
C:\Users\baske\AppData\Local\Temp\ccXOZr1N.s:388    .bss.servoError:0000000000000000 $d
C:\Users\baske\AppData\Local\Temp\ccXOZr1N.s:390    .bss.servoInstance:0000000000000000 $d

UNDEFINED SYMBOLS
memset
HAL_RCC_OscConfig
HAL_PWREx_EnableOverDrive
HAL_RCC_ClockConfig
HAL_Init
MX_GPIO_Init
MX_USART2_UART_Init
MX_I2C1_Init
MX_TIM5_Init
MX_TIM12_Init
MX_TIM3_Init
Actuator_Init
htim3
