ARM GAS  C:\Users\baske\AppData\Local\Temp\cc41t0cx.s 			page 1


   1              		.cpu cortex-m4
   2              		.arch armv7e-m
   3              		.fpu fpv4-sp-d16
   4              		.eabi_attribute 27, 1
   5              		.eabi_attribute 28, 1
   6              		.eabi_attribute 20, 1
   7              		.eabi_attribute 21, 1
   8              		.eabi_attribute 23, 3
   9              		.eabi_attribute 24, 1
  10              		.eabi_attribute 25, 1
  11              		.eabi_attribute 26, 1
  12              		.eabi_attribute 30, 1
  13              		.eabi_attribute 34, 1
  14              		.eabi_attribute 18, 4
  15              		.file	"motor.c"
  16              		.text
  17              	.Ltext0:
  18              		.cfi_sections	.debug_frame
  19              		.section	.text.Get_Freq,"ax",%progbits
  20              		.align	1
  21              		.syntax unified
  22              		.thumb
  23              		.thumb_func
  25              	Get_Freq:
  26              	.LVL0:
  27              	.LFB130:
  28              		.file 1 "Core/Src/motor.c"
   1:Core/Src/motor.c **** /*
   2:Core/Src/motor.c ****  *  motor.c
   3:Core/Src/motor.c ****  *
   4:Core/Src/motor.c ****  *  V1: Main implementation of DC Motor & Actuator control functions
   5:Core/Src/motor.c ****  *  V2: Main implementation of Servo Motor control function
   6:Core/Src/motor.c ****  * 
   7:Core/Src/motor.c ****  *  Created on: Jan 11, 2023
   8:Core/Src/motor.c ****  *      Author: Jackie Huynh & Michelle Tran
   9:Core/Src/motor.c ****  * 
  10:Core/Src/motor.c ****  */
  11:Core/Src/motor.c **** 
  12:Core/Src/motor.c **** #include "motor.h"
  13:Core/Src/motor.c **** 
  14:Core/Src/motor.c **** static char freqError = 0;
  15:Core/Src/motor.c **** 
  16:Core/Src/motor.c **** #define getFreq(System_CLK, Timer_Prescaler, Timer_Period)		(System_CLK / (Timer_Prescaler+1)) / (T
  17:Core/Src/motor.c **** 
  18:Core/Src/motor.c **** static uint32_t Get_Freq(uint32_t systemClk, uint32_t timerPrescaler, uint32_t timerPeriod){
  29              		.loc 1 18 92 view -0
  30              		.cfi_startproc
  31              		@ args = 0, pretend = 0, frame = 0
  32              		@ frame_needed = 0, uses_anonymous_args = 0
  33              		@ link register save eliminated.
  19:Core/Src/motor.c ****     return (systemClk / (timerPrescaler+1)) / (timerPeriod+1);
  34              		.loc 1 19 5 view .LVU1
  35              		.loc 1 19 40 is_stmt 0 view .LVU2
  36 0000 0131     		adds	r1, r1, #1
  37              	.LVL1:
  38              		.loc 1 19 23 view .LVU3
  39 0002 B0FBF1F0 		udiv	r0, r0, r1
ARM GAS  C:\Users\baske\AppData\Local\Temp\cc41t0cx.s 			page 2


  40              	.LVL2:
  41              		.loc 1 19 59 view .LVU4
  42 0006 0132     		adds	r2, r2, #1
  43              	.LVL3:
  20:Core/Src/motor.c **** }
  44              		.loc 1 20 1 view .LVU5
  45 0008 B0FBF2F0 		udiv	r0, r0, r2
  46 000c 7047     		bx	lr
  47              		.cfi_endproc
  48              	.LFE130:
  50              		.section	.text.Drive_Servo,"ax",%progbits
  51              		.align	1
  52              		.global	Drive_Servo
  53              		.syntax unified
  54              		.thumb
  55              		.thumb_func
  57              	Drive_Servo:
  58              	.LVL4:
  59              	.LFB133:
  21:Core/Src/motor.c **** 
  22:Core/Src/motor.c **** static inline uint32_t map(int8_t x, int8_t x_min, int8_t x_max, uint32_t out_min, uint32_t out_max
  23:Core/Src/motor.c **** 
  24:Core/Src/motor.c **** 	if(x <= x_min)
  25:Core/Src/motor.c **** 		return x_min;
  26:Core/Src/motor.c **** 
  27:Core/Src/motor.c **** 	if(x >= x_max)
  28:Core/Src/motor.c **** 		return x_max;
  29:Core/Src/motor.c **** 
  30:Core/Src/motor.c **** 	return (x - x_min) * (out_max - out_min) / (x_max - x_min) + out_min;
  31:Core/Src/motor.c **** 
  32:Core/Src/motor.c **** }
  33:Core/Src/motor.c **** 
  34:Core/Src/motor.c **** //Servo Functions
  35:Core/Src/motor.c **** Servo_Error Servo_Init(Servo_Instance_t* servo){
  36:Core/Src/motor.c **** 
  37:Core/Src/motor.c ****     /* Makes sure Servo Config Struct is initialized */
  38:Core/Src/motor.c ****     if(servo->config == NULL)   
  39:Core/Src/motor.c ****         return SERVO_INSTANCE_ERROR;
  40:Core/Src/motor.c **** 
  41:Core/Src/motor.c ****     uint16_t timFreq;
  42:Core/Src/motor.c **** 
  43:Core/Src/motor.c **** 	/* Check if this timer is setup correctly for SERVO Control */
  44:Core/Src/motor.c **** 	timFreq = Get_Freq(HAL_RCC_GetSysClockFreq(), servo->htim->Init.Prescaler, __HAL_TIM_GET_AUTORELOA
  45:Core/Src/motor.c **** 
  46:Core/Src/motor.c **** 	if(timFreq != DESIRED_SERVO_FREQ){
  47:Core/Src/motor.c **** 		freqError = 1;
  48:Core/Src/motor.c **** 		return SERVO_FREQ_ERROR;
  49:Core/Src/motor.c **** 	}
  50:Core/Src/motor.c **** 
  51:Core/Src/motor.c **** 	/* Configure Min and Max count based on duty cycle given */
  52:Core/Src/motor.c **** 	servo->minCnt = servo->config->minDuty * __HAL_TIM_GET_AUTORELOAD(servo->htim);
  53:Core/Src/motor.c **** 	servo->maxCnt = servo->config->maxDuty * __HAL_TIM_GET_AUTORELOAD(servo->htim);
  54:Core/Src/motor.c **** 
  55:Core/Src/motor.c **** 	/* Zero Out SERVO */
  56:Core/Src/motor.c **** 	Drive_Servo(servo, 0);
  57:Core/Src/motor.c **** 
  58:Core/Src/motor.c ****     return SERVO_OK;
ARM GAS  C:\Users\baske\AppData\Local\Temp\cc41t0cx.s 			page 3


  59:Core/Src/motor.c **** }
  60:Core/Src/motor.c **** 
  61:Core/Src/motor.c **** Servo_Error Drive_Servo(const Servo_Instance_t* servo, const int8_t angle){
  60              		.loc 1 61 75 is_stmt 1 view -0
  61              		.cfi_startproc
  62              		@ args = 0, pretend = 0, frame = 0
  63              		@ frame_needed = 0, uses_anonymous_args = 0
  64              		@ link register save eliminated.
  65              		.loc 1 61 75 is_stmt 0 view .LVU7
  66 0000 0346     		mov	r3, r0
  62:Core/Src/motor.c **** 
  63:Core/Src/motor.c ****     /* Servo Protection */
  64:Core/Src/motor.c **** 	if(freqError)
  67              		.loc 1 64 2 is_stmt 1 view .LVU8
  68              		.loc 1 64 5 is_stmt 0 view .LVU9
  69 0002 3C4A     		ldr	r2, .L33
  70 0004 1078     		ldrb	r0, [r2]	@ zero_extendqisi2
  71              	.LVL5:
  72              		.loc 1 64 4 view .LVU10
  73 0006 0028     		cmp	r0, #0
  74 0008 6BD1     		bne	.L19
  65:Core/Src/motor.c **** 		return SERVO_FREQ_ERROR;
  66:Core/Src/motor.c **** 
  67:Core/Src/motor.c **** 	/* Asserting Params */
  68:Core/Src/motor.c **** 	if(servo == NULL)
  75              		.loc 1 68 2 is_stmt 1 view .LVU11
  76              		.loc 1 68 4 is_stmt 0 view .LVU12
  77 000a 002B     		cmp	r3, #0
  78 000c 6BD0     		beq	.L20
  69:Core/Src/motor.c **** 		return SERVO_INSTANCE_ERROR;
  70:Core/Src/motor.c **** 	else if(angle < servo->config->minAngle)
  79              		.loc 1 70 7 is_stmt 1 view .LVU13
  80              		.loc 1 70 23 is_stmt 0 view .LVU14
  81 000e 9A68     		ldr	r2, [r3, #8]
  82              		.loc 1 70 31 view .LVU15
  83 0010 92F908C0 		ldrsb	ip, [r2, #8]
  84              		.loc 1 70 9 view .LVU16
  85 0014 8C45     		cmp	ip, r1
  86 0016 68DC     		bgt	.L21
  71:Core/Src/motor.c **** 		return SERVO_RANGE_ERROR_MIN;
  72:Core/Src/motor.c **** 	else if(angle > servo->config->maxAngle)
  87              		.loc 1 72 7 is_stmt 1 view .LVU17
  88              		.loc 1 72 31 is_stmt 0 view .LVU18
  89 0018 92F90920 		ldrsb	r2, [r2, #9]
  90              		.loc 1 72 9 view .LVU19
  91 001c 8A42     		cmp	r2, r1
  92 001e 66DB     		blt	.L22
  61:Core/Src/motor.c **** 
  93              		.loc 1 61 75 view .LVU20
  94 0020 70B4     		push	{r4, r5, r6}
  95              		.cfi_def_cfa_offset 12
  96              		.cfi_offset 4, -12
  97              		.cfi_offset 5, -8
  98              		.cfi_offset 6, -4
  73:Core/Src/motor.c **** 		return SERVO_RANGE_ERROR_MAX;
  74:Core/Src/motor.c **** 
  75:Core/Src/motor.c **** 	/* Set New Compare Value */
ARM GAS  C:\Users\baske\AppData\Local\Temp\cc41t0cx.s 			page 4


  76:Core/Src/motor.c **** 	__HAL_TIM_SET_COMPARE(servo->htim, servo->channel, map(angle, servo->config->minAngle, servo->conf
  99              		.loc 1 76 2 is_stmt 1 view .LVU21
 100 0022 1C79     		ldrb	r4, [r3, #4]	@ zero_extendqisi2
 101 0024 BCB9     		cbnz	r4, .L4
 102              		.loc 1 76 2 is_stmt 0 discriminator 1 view .LVU22
 103 0026 D868     		ldr	r0, [r3, #12]
 104 0028 1D69     		ldr	r5, [r3, #16]
 105 002a 1B68     		ldr	r3, [r3]
 106              	.LVL6:
 107              		.loc 1 76 2 discriminator 1 view .LVU23
 108 002c 1E68     		ldr	r6, [r3]
 109              	.LVL7:
 110              	.LBB10:
 111              	.LBI10:
  22:Core/Src/motor.c **** 
 112              		.loc 1 22 24 is_stmt 1 discriminator 1 view .LVU24
 113              	.LBB11:
  24:Core/Src/motor.c **** 		return x_min;
 114              		.loc 1 24 2 discriminator 1 view .LVU25
  24:Core/Src/motor.c **** 		return x_min;
 115              		.loc 1 24 4 is_stmt 0 discriminator 1 view .LVU26
 116 002e 8C45     		cmp	ip, r1
 117 0030 0FDA     		bge	.L27
  27:Core/Src/motor.c **** 		return x_max;
 118              		.loc 1 27 2 is_stmt 1 view .LVU27
  27:Core/Src/motor.c **** 		return x_max;
 119              		.loc 1 27 4 is_stmt 0 view .LVU28
 120 0032 8A42     		cmp	r2, r1
 121 0034 09DD     		ble	.L6
  30:Core/Src/motor.c **** 
 122              		.loc 1 30 2 is_stmt 1 view .LVU29
  30:Core/Src/motor.c **** 
 123              		.loc 1 30 12 is_stmt 0 view .LVU30
 124 0036 A1EB0C01 		sub	r1, r1, ip
 125              	.LVL8:
  30:Core/Src/motor.c **** 
 126              		.loc 1 30 32 view .LVU31
 127 003a 2D1A     		subs	r5, r5, r0
 128              	.LVL9:
  30:Core/Src/motor.c **** 
 129              		.loc 1 30 21 view .LVU32
 130 003c 05FB01F1 		mul	r1, r5, r1
  30:Core/Src/motor.c **** 
 131              		.loc 1 30 52 view .LVU33
 132 0040 A2EB0C02 		sub	r2, r2, ip
 133              	.LVL10:
  30:Core/Src/motor.c **** 
 134              		.loc 1 30 43 view .LVU34
 135 0044 B1FBF2F1 		udiv	r1, r1, r2
  30:Core/Src/motor.c **** 
 136              		.loc 1 30 61 view .LVU35
 137 0048 4218     		adds	r2, r0, r1
 138              	.L6:
 139              	.LVL11:
  30:Core/Src/motor.c **** 
 140              		.loc 1 30 61 view .LVU36
 141              	.LBE11:
ARM GAS  C:\Users\baske\AppData\Local\Temp\cc41t0cx.s 			page 5


 142              	.LBE10:
 143              		.loc 1 76 2 view .LVU37
 144 004a 7263     		str	r2, [r6, #52]
  77:Core/Src/motor.c **** 
  78:Core/Src/motor.c ****     return SERVO_OK;
 145              		.loc 1 78 12 view .LVU38
 146 004c 2046     		mov	r0, r4
 147              	.L3:
  79:Core/Src/motor.c **** }
 148              		.loc 1 79 1 view .LVU39
 149 004e 70BC     		pop	{r4, r5, r6}
 150              		.cfi_remember_state
 151              		.cfi_restore 6
 152              		.cfi_restore 5
 153              		.cfi_restore 4
 154              		.cfi_def_cfa_offset 0
 155 0050 7047     		bx	lr
 156              	.LVL12:
 157              	.L27:
 158              		.cfi_restore_state
 159              	.LBB13:
 160              	.LBB12:
  25:Core/Src/motor.c **** 
 161              		.loc 1 25 3 is_stmt 1 view .LVU40
  25:Core/Src/motor.c **** 
 162              		.loc 1 25 10 is_stmt 0 view .LVU41
 163 0052 6246     		mov	r2, ip
 164              	.LVL13:
  25:Core/Src/motor.c **** 
 165              		.loc 1 25 10 view .LVU42
 166 0054 F9E7     		b	.L6
 167              	.LVL14:
 168              	.L4:
  25:Core/Src/motor.c **** 
 169              		.loc 1 25 10 view .LVU43
 170              	.LBE12:
 171              	.LBE13:
  76:Core/Src/motor.c **** 
 172              		.loc 1 76 2 discriminator 2 view .LVU44
 173 0056 042C     		cmp	r4, #4
 174 0058 15D0     		beq	.L28
  76:Core/Src/motor.c **** 
 175              		.loc 1 76 2 discriminator 4 view .LVU45
 176 005a 082C     		cmp	r4, #8
 177 005c 29D0     		beq	.L29
  76:Core/Src/motor.c **** 
 178              		.loc 1 76 2 discriminator 7 view .LVU46
 179 005e DE68     		ldr	r6, [r3, #12]
 180 0060 1C69     		ldr	r4, [r3, #16]
 181 0062 1B68     		ldr	r3, [r3]
 182              	.LVL15:
  76:Core/Src/motor.c **** 
 183              		.loc 1 76 2 discriminator 7 view .LVU47
 184 0064 1D68     		ldr	r5, [r3]
 185              	.LVL16:
 186              	.LBB14:
 187              	.LBI14:
ARM GAS  C:\Users\baske\AppData\Local\Temp\cc41t0cx.s 			page 6


  22:Core/Src/motor.c **** 
 188              		.loc 1 22 24 is_stmt 1 discriminator 7 view .LVU48
 189              	.LBB15:
  24:Core/Src/motor.c **** 		return x_min;
 190              		.loc 1 24 2 discriminator 7 view .LVU49
  24:Core/Src/motor.c **** 		return x_min;
 191              		.loc 1 24 4 is_stmt 0 discriminator 7 view .LVU50
 192 0066 8C45     		cmp	ip, r1
 193 0068 39DA     		bge	.L30
  27:Core/Src/motor.c **** 		return x_max;
 194              		.loc 1 27 2 is_stmt 1 view .LVU51
  27:Core/Src/motor.c **** 		return x_max;
 195              		.loc 1 27 4 is_stmt 0 view .LVU52
 196 006a 8A42     		cmp	r2, r1
 197 006c 09DD     		ble	.L17
  30:Core/Src/motor.c **** 
 198              		.loc 1 30 2 is_stmt 1 view .LVU53
  30:Core/Src/motor.c **** 
 199              		.loc 1 30 12 is_stmt 0 view .LVU54
 200 006e A1EB0C03 		sub	r3, r1, ip
  30:Core/Src/motor.c **** 
 201              		.loc 1 30 32 view .LVU55
 202 0072 A41B     		subs	r4, r4, r6
 203              	.LVL17:
  30:Core/Src/motor.c **** 
 204              		.loc 1 30 21 view .LVU56
 205 0074 04FB03F3 		mul	r3, r4, r3
  30:Core/Src/motor.c **** 
 206              		.loc 1 30 52 view .LVU57
 207 0078 A2EB0C02 		sub	r2, r2, ip
 208              	.LVL18:
  30:Core/Src/motor.c **** 
 209              		.loc 1 30 43 view .LVU58
 210 007c B3FBF2F3 		udiv	r3, r3, r2
  30:Core/Src/motor.c **** 
 211              		.loc 1 30 61 view .LVU59
 212 0080 F218     		adds	r2, r6, r3
 213              	.L17:
 214              	.LVL19:
  30:Core/Src/motor.c **** 
 215              		.loc 1 30 61 view .LVU60
 216              	.LBE15:
 217              	.LBE14:
  76:Core/Src/motor.c **** 
 218              		.loc 1 76 2 view .LVU61
 219 0082 2A64     		str	r2, [r5, #64]
 220 0084 E3E7     		b	.L3
 221              	.LVL20:
 222              	.L28:
  76:Core/Src/motor.c **** 
 223              		.loc 1 76 2 discriminator 3 view .LVU62
 224 0086 DC68     		ldr	r4, [r3, #12]
 225 0088 1D69     		ldr	r5, [r3, #16]
 226 008a 1B68     		ldr	r3, [r3]
 227              	.LVL21:
  76:Core/Src/motor.c **** 
 228              		.loc 1 76 2 discriminator 3 view .LVU63
ARM GAS  C:\Users\baske\AppData\Local\Temp\cc41t0cx.s 			page 7


 229 008c 1E68     		ldr	r6, [r3]
 230              	.LVL22:
 231              	.LBB17:
 232              	.LBI17:
  22:Core/Src/motor.c **** 
 233              		.loc 1 22 24 is_stmt 1 discriminator 3 view .LVU64
 234              	.LBB18:
  24:Core/Src/motor.c **** 		return x_min;
 235              		.loc 1 24 2 discriminator 3 view .LVU65
  24:Core/Src/motor.c **** 		return x_min;
 236              		.loc 1 24 4 is_stmt 0 discriminator 3 view .LVU66
 237 008e 8C45     		cmp	ip, r1
 238 0090 0DDA     		bge	.L31
  27:Core/Src/motor.c **** 		return x_max;
 239              		.loc 1 27 2 is_stmt 1 view .LVU67
  27:Core/Src/motor.c **** 		return x_max;
 240              		.loc 1 27 4 is_stmt 0 view .LVU68
 241 0092 8A42     		cmp	r2, r1
 242 0094 09DD     		ble	.L10
  30:Core/Src/motor.c **** 
 243              		.loc 1 30 2 is_stmt 1 view .LVU69
  30:Core/Src/motor.c **** 
 244              		.loc 1 30 12 is_stmt 0 view .LVU70
 245 0096 A1EB0C03 		sub	r3, r1, ip
  30:Core/Src/motor.c **** 
 246              		.loc 1 30 32 view .LVU71
 247 009a 2D1B     		subs	r5, r5, r4
 248              	.LVL23:
  30:Core/Src/motor.c **** 
 249              		.loc 1 30 21 view .LVU72
 250 009c 05FB03F3 		mul	r3, r5, r3
  30:Core/Src/motor.c **** 
 251              		.loc 1 30 52 view .LVU73
 252 00a0 A2EB0C02 		sub	r2, r2, ip
 253              	.LVL24:
  30:Core/Src/motor.c **** 
 254              		.loc 1 30 43 view .LVU74
 255 00a4 B3FBF2F3 		udiv	r3, r3, r2
  30:Core/Src/motor.c **** 
 256              		.loc 1 30 61 view .LVU75
 257 00a8 E218     		adds	r2, r4, r3
 258              	.L10:
 259              	.LVL25:
  30:Core/Src/motor.c **** 
 260              		.loc 1 30 61 view .LVU76
 261              	.LBE18:
 262              	.LBE17:
  76:Core/Src/motor.c **** 
 263              		.loc 1 76 2 view .LVU77
 264 00aa B263     		str	r2, [r6, #56]
 265 00ac CFE7     		b	.L3
 266              	.LVL26:
 267              	.L31:
 268              	.LBB20:
 269              	.LBB19:
  25:Core/Src/motor.c **** 
 270              		.loc 1 25 3 is_stmt 1 view .LVU78
ARM GAS  C:\Users\baske\AppData\Local\Temp\cc41t0cx.s 			page 8


  25:Core/Src/motor.c **** 
 271              		.loc 1 25 10 is_stmt 0 view .LVU79
 272 00ae 6246     		mov	r2, ip
 273              	.LVL27:
  25:Core/Src/motor.c **** 
 274              		.loc 1 25 10 view .LVU80
 275 00b0 FBE7     		b	.L10
 276              	.LVL28:
 277              	.L29:
  25:Core/Src/motor.c **** 
 278              		.loc 1 25 10 view .LVU81
 279              	.LBE19:
 280              	.LBE20:
  76:Core/Src/motor.c **** 
 281              		.loc 1 76 2 discriminator 6 view .LVU82
 282 00b2 DC68     		ldr	r4, [r3, #12]
 283 00b4 1D69     		ldr	r5, [r3, #16]
 284 00b6 1B68     		ldr	r3, [r3]
 285              	.LVL29:
  76:Core/Src/motor.c **** 
 286              		.loc 1 76 2 discriminator 6 view .LVU83
 287 00b8 1E68     		ldr	r6, [r3]
 288              	.LVL30:
 289              	.LBB21:
 290              	.LBI21:
  22:Core/Src/motor.c **** 
 291              		.loc 1 22 24 is_stmt 1 discriminator 6 view .LVU84
 292              	.LBB22:
  24:Core/Src/motor.c **** 		return x_min;
 293              		.loc 1 24 2 discriminator 6 view .LVU85
  24:Core/Src/motor.c **** 		return x_min;
 294              		.loc 1 24 4 is_stmt 0 discriminator 6 view .LVU86
 295 00ba 8C45     		cmp	ip, r1
 296 00bc 0DDA     		bge	.L32
  27:Core/Src/motor.c **** 		return x_max;
 297              		.loc 1 27 2 is_stmt 1 view .LVU87
  27:Core/Src/motor.c **** 		return x_max;
 298              		.loc 1 27 4 is_stmt 0 view .LVU88
 299 00be 8A42     		cmp	r2, r1
 300 00c0 09DD     		ble	.L14
  30:Core/Src/motor.c **** 
 301              		.loc 1 30 2 is_stmt 1 view .LVU89
  30:Core/Src/motor.c **** 
 302              		.loc 1 30 12 is_stmt 0 view .LVU90
 303 00c2 A1EB0C03 		sub	r3, r1, ip
  30:Core/Src/motor.c **** 
 304              		.loc 1 30 32 view .LVU91
 305 00c6 2D1B     		subs	r5, r5, r4
 306              	.LVL31:
  30:Core/Src/motor.c **** 
 307              		.loc 1 30 21 view .LVU92
 308 00c8 05FB03F3 		mul	r3, r5, r3
  30:Core/Src/motor.c **** 
 309              		.loc 1 30 52 view .LVU93
 310 00cc A2EB0C02 		sub	r2, r2, ip
 311              	.LVL32:
  30:Core/Src/motor.c **** 
ARM GAS  C:\Users\baske\AppData\Local\Temp\cc41t0cx.s 			page 9


 312              		.loc 1 30 43 view .LVU94
 313 00d0 B3FBF2F3 		udiv	r3, r3, r2
  30:Core/Src/motor.c **** 
 314              		.loc 1 30 61 view .LVU95
 315 00d4 E218     		adds	r2, r4, r3
 316              	.L14:
 317              	.LVL33:
  30:Core/Src/motor.c **** 
 318              		.loc 1 30 61 view .LVU96
 319              	.LBE22:
 320              	.LBE21:
  76:Core/Src/motor.c **** 
 321              		.loc 1 76 2 view .LVU97
 322 00d6 F263     		str	r2, [r6, #60]
 323 00d8 B9E7     		b	.L3
 324              	.LVL34:
 325              	.L32:
 326              	.LBB24:
 327              	.LBB23:
  25:Core/Src/motor.c **** 
 328              		.loc 1 25 3 is_stmt 1 view .LVU98
  25:Core/Src/motor.c **** 
 329              		.loc 1 25 10 is_stmt 0 view .LVU99
 330 00da 6246     		mov	r2, ip
 331              	.LVL35:
  25:Core/Src/motor.c **** 
 332              		.loc 1 25 10 view .LVU100
 333 00dc FBE7     		b	.L14
 334              	.LVL36:
 335              	.L30:
  25:Core/Src/motor.c **** 
 336              		.loc 1 25 10 view .LVU101
 337              	.LBE23:
 338              	.LBE24:
 339              	.LBB25:
 340              	.LBB16:
  25:Core/Src/motor.c **** 
 341              		.loc 1 25 3 is_stmt 1 view .LVU102
  25:Core/Src/motor.c **** 
 342              		.loc 1 25 10 is_stmt 0 view .LVU103
 343 00de 6246     		mov	r2, ip
 344              	.LVL37:
  25:Core/Src/motor.c **** 
 345              		.loc 1 25 10 view .LVU104
 346 00e0 CFE7     		b	.L17
 347              	.LVL38:
 348              	.L19:
 349              		.cfi_def_cfa_offset 0
 350              		.cfi_restore 4
 351              		.cfi_restore 5
 352              		.cfi_restore 6
  25:Core/Src/motor.c **** 
 353              		.loc 1 25 10 view .LVU105
 354              	.LBE16:
 355              	.LBE25:
  65:Core/Src/motor.c **** 
 356              		.loc 1 65 10 view .LVU106
ARM GAS  C:\Users\baske\AppData\Local\Temp\cc41t0cx.s 			page 10


 357 00e2 0120     		movs	r0, #1
 358 00e4 7047     		bx	lr
 359              	.L20:
  69:Core/Src/motor.c **** 	else if(angle < servo->config->minAngle)
 360              		.loc 1 69 10 view .LVU107
 361 00e6 0420     		movs	r0, #4
 362 00e8 7047     		bx	lr
 363              	.L21:
  71:Core/Src/motor.c **** 	else if(angle > servo->config->maxAngle)
 364              		.loc 1 71 10 view .LVU108
 365 00ea 0220     		movs	r0, #2
 366 00ec 7047     		bx	lr
 367              	.L22:
  73:Core/Src/motor.c **** 
 368              		.loc 1 73 10 view .LVU109
 369 00ee 0320     		movs	r0, #3
 370              		.loc 1 79 1 view .LVU110
 371 00f0 7047     		bx	lr
 372              	.L34:
 373 00f2 00BF     		.align	2
 374              	.L33:
 375 00f4 00000000 		.word	.LANCHOR0
 376              		.cfi_endproc
 377              	.LFE133:
 379              		.section	.text.Servo_Init,"ax",%progbits
 380              		.align	1
 381              		.global	Servo_Init
 382              		.syntax unified
 383              		.thumb
 384              		.thumb_func
 386              	Servo_Init:
 387              	.LVL39:
 388              	.LFB132:
  35:Core/Src/motor.c **** 
 389              		.loc 1 35 48 is_stmt 1 view -0
 390              		.cfi_startproc
 391              		@ args = 0, pretend = 0, frame = 0
 392              		@ frame_needed = 0, uses_anonymous_args = 0
  38:Core/Src/motor.c ****         return SERVO_INSTANCE_ERROR;
 393              		.loc 1 38 5 view .LVU112
  38:Core/Src/motor.c ****         return SERVO_INSTANCE_ERROR;
 394              		.loc 1 38 13 is_stmt 0 view .LVU113
 395 0000 8368     		ldr	r3, [r0, #8]
  38:Core/Src/motor.c ****         return SERVO_INSTANCE_ERROR;
 396              		.loc 1 38 7 view .LVU114
 397 0002 83B3     		cbz	r3, .L38
  35:Core/Src/motor.c **** 
 398              		.loc 1 35 48 view .LVU115
 399 0004 70B5     		push	{r4, r5, r6, lr}
 400              		.cfi_def_cfa_offset 16
 401              		.cfi_offset 4, -16
 402              		.cfi_offset 5, -12
 403              		.cfi_offset 6, -8
 404              		.cfi_offset 14, -4
 405 0006 0446     		mov	r4, r0
  41:Core/Src/motor.c **** 
 406              		.loc 1 41 5 is_stmt 1 view .LVU116
ARM GAS  C:\Users\baske\AppData\Local\Temp\cc41t0cx.s 			page 11


  44:Core/Src/motor.c **** 
 407              		.loc 1 44 2 view .LVU117
  44:Core/Src/motor.c **** 
 408              		.loc 1 44 12 is_stmt 0 view .LVU118
 409 0008 FFF7FEFF 		bl	HAL_RCC_GetSysClockFreq
 410              	.LVL40:
  44:Core/Src/motor.c **** 
 411              		.loc 1 44 53 view .LVU119
 412 000c 2568     		ldr	r5, [r4]
  44:Core/Src/motor.c **** 
 413              		.loc 1 44 77 view .LVU120
 414 000e 2E68     		ldr	r6, [r5]
 415 0010 F26A     		ldr	r2, [r6, #44]
  44:Core/Src/motor.c **** 
 416              		.loc 1 44 12 view .LVU121
 417 0012 6968     		ldr	r1, [r5, #4]
 418 0014 FFF7FEFF 		bl	Get_Freq
 419              	.LVL41:
  44:Core/Src/motor.c **** 
 420              		.loc 1 44 10 view .LVU122
 421 0018 80B2     		uxth	r0, r0
 422              	.LVL42:
  46:Core/Src/motor.c **** 		freqError = 1;
 423              		.loc 1 46 2 is_stmt 1 view .LVU123
  46:Core/Src/motor.c **** 		freqError = 1;
 424              		.loc 1 46 4 is_stmt 0 view .LVU124
 425 001a 3228     		cmp	r0, #50
 426 001c 03D0     		beq	.L37
  47:Core/Src/motor.c **** 		return SERVO_FREQ_ERROR;
 427              		.loc 1 47 3 is_stmt 1 view .LVU125
  47:Core/Src/motor.c **** 		return SERVO_FREQ_ERROR;
 428              		.loc 1 47 13 is_stmt 0 view .LVU126
 429 001e 0120     		movs	r0, #1
 430              	.LVL43:
  47:Core/Src/motor.c **** 		return SERVO_FREQ_ERROR;
 431              		.loc 1 47 13 view .LVU127
 432 0020 124B     		ldr	r3, .L43
 433 0022 1870     		strb	r0, [r3]
  48:Core/Src/motor.c **** 	}
 434              		.loc 1 48 3 is_stmt 1 view .LVU128
 435              	.L36:
  59:Core/Src/motor.c **** 
 436              		.loc 1 59 1 is_stmt 0 view .LVU129
 437 0024 70BD     		pop	{r4, r5, r6, pc}
 438              	.LVL44:
 439              	.L37:
  52:Core/Src/motor.c **** 	servo->maxCnt = servo->config->maxDuty * __HAL_TIM_GET_AUTORELOAD(servo->htim);
 440              		.loc 1 52 2 is_stmt 1 view .LVU130
  52:Core/Src/motor.c **** 	servo->maxCnt = servo->config->maxDuty * __HAL_TIM_GET_AUTORELOAD(servo->htim);
 441              		.loc 1 52 23 is_stmt 0 view .LVU131
 442 0026 A368     		ldr	r3, [r4, #8]
  52:Core/Src/motor.c **** 	servo->maxCnt = servo->config->maxDuty * __HAL_TIM_GET_AUTORELOAD(servo->htim);
 443              		.loc 1 52 31 view .LVU132
 444 0028 93ED007A 		vldr.32	s14, [r3]
  52:Core/Src/motor.c **** 	servo->maxCnt = servo->config->maxDuty * __HAL_TIM_GET_AUTORELOAD(servo->htim);
 445              		.loc 1 52 43 view .LVU133
 446 002c D6ED0B7A 		vldr.32	s15, [r6, #44]	@ int
ARM GAS  C:\Users\baske\AppData\Local\Temp\cc41t0cx.s 			page 12


  52:Core/Src/motor.c **** 	servo->maxCnt = servo->config->maxDuty * __HAL_TIM_GET_AUTORELOAD(servo->htim);
 447              		.loc 1 52 41 view .LVU134
 448 0030 F8EE677A 		vcvt.f32.u32	s15, s15
 449 0034 67EE877A 		vmul.f32	s15, s15, s14
  52:Core/Src/motor.c **** 	servo->maxCnt = servo->config->maxDuty * __HAL_TIM_GET_AUTORELOAD(servo->htim);
 450              		.loc 1 52 16 view .LVU135
 451 0038 FCEEE77A 		vcvt.u32.f32	s15, s15
 452 003c C4ED037A 		vstr.32	s15, [r4, #12]	@ int
  53:Core/Src/motor.c **** 
 453              		.loc 1 53 2 is_stmt 1 view .LVU136
  53:Core/Src/motor.c **** 
 454              		.loc 1 53 31 is_stmt 0 view .LVU137
 455 0040 93ED017A 		vldr.32	s14, [r3, #4]
  53:Core/Src/motor.c **** 
 456              		.loc 1 53 43 view .LVU138
 457 0044 2B68     		ldr	r3, [r5]
 458 0046 D3ED0B7A 		vldr.32	s15, [r3, #44]	@ int
  53:Core/Src/motor.c **** 
 459              		.loc 1 53 41 view .LVU139
 460 004a F8EE677A 		vcvt.f32.u32	s15, s15
 461 004e 67EE877A 		vmul.f32	s15, s15, s14
  53:Core/Src/motor.c **** 
 462              		.loc 1 53 16 view .LVU140
 463 0052 FCEEE77A 		vcvt.u32.f32	s15, s15
 464 0056 C4ED047A 		vstr.32	s15, [r4, #16]	@ int
  56:Core/Src/motor.c **** 
 465              		.loc 1 56 2 is_stmt 1 view .LVU141
 466 005a 0021     		movs	r1, #0
 467 005c 2046     		mov	r0, r4
 468              	.LVL45:
  56:Core/Src/motor.c **** 
 469              		.loc 1 56 2 is_stmt 0 view .LVU142
 470 005e FFF7FEFF 		bl	Drive_Servo
 471              	.LVL46:
  58:Core/Src/motor.c **** }
 472              		.loc 1 58 5 is_stmt 1 view .LVU143
  58:Core/Src/motor.c **** }
 473              		.loc 1 58 12 is_stmt 0 view .LVU144
 474 0062 0020     		movs	r0, #0
 475 0064 DEE7     		b	.L36
 476              	.LVL47:
 477              	.L38:
 478              		.cfi_def_cfa_offset 0
 479              		.cfi_restore 4
 480              		.cfi_restore 5
 481              		.cfi_restore 6
 482              		.cfi_restore 14
  39:Core/Src/motor.c **** 
 483              		.loc 1 39 16 view .LVU145
 484 0066 0420     		movs	r0, #4
 485              	.LVL48:
  59:Core/Src/motor.c **** 
 486              		.loc 1 59 1 view .LVU146
 487 0068 7047     		bx	lr
 488              	.L44:
 489 006a 00BF     		.align	2
 490              	.L43:
ARM GAS  C:\Users\baske\AppData\Local\Temp\cc41t0cx.s 			page 13


 491 006c 00000000 		.word	.LANCHOR0
 492              		.cfi_endproc
 493              	.LFE132:
 495              		.section	.text.DCMotor_Init,"ax",%progbits
 496              		.align	1
 497              		.global	DCMotor_Init
 498              		.syntax unified
 499              		.thumb
 500              		.thumb_func
 502              	DCMotor_Init:
 503              	.LVL49:
 504              	.LFB134:
  80:Core/Src/motor.c **** 
  81:Core/Src/motor.c **** //DC Motor Functions
  82:Core/Src/motor.c **** DCMotor_Error DCMotor_Init(DCMotor_Instance_t* dcMotor){
 505              		.loc 1 82 56 is_stmt 1 view -0
 506              		.cfi_startproc
 507              		@ args = 0, pretend = 0, frame = 0
 508              		@ frame_needed = 0, uses_anonymous_args = 0
 509              		@ link register save eliminated.
  83:Core/Src/motor.c **** 
  84:Core/Src/motor.c **** 
  85:Core/Src/motor.c ****     return DC_MOTOR_OK;
 510              		.loc 1 85 5 view .LVU148
  86:Core/Src/motor.c **** }
 511              		.loc 1 86 1 is_stmt 0 view .LVU149
 512 0000 0020     		movs	r0, #0
 513              	.LVL50:
 514              		.loc 1 86 1 view .LVU150
 515 0002 7047     		bx	lr
 516              		.cfi_endproc
 517              	.LFE134:
 519              		.section	.text.Drive_DCMotor,"ax",%progbits
 520              		.align	1
 521              		.global	Drive_DCMotor
 522              		.syntax unified
 523              		.thumb
 524              		.thumb_func
 526              	Drive_DCMotor:
 527              	.LVL51:
 528              	.LFB135:
  87:Core/Src/motor.c **** 
  88:Core/Src/motor.c **** DCMotor_Error Drive_DCMotor(const DCMotor_Instance_t* dcMotor){
 529              		.loc 1 88 63 is_stmt 1 view -0
 530              		.cfi_startproc
 531              		@ args = 0, pretend = 0, frame = 0
 532              		@ frame_needed = 0, uses_anonymous_args = 0
 533              		@ link register save eliminated.
  89:Core/Src/motor.c **** 
  90:Core/Src/motor.c **** 
  91:Core/Src/motor.c ****     return DC_MOTOR_OK;
 534              		.loc 1 91 5 view .LVU152
  92:Core/Src/motor.c **** }
 535              		.loc 1 92 1 is_stmt 0 view .LVU153
 536 0000 0020     		movs	r0, #0
 537              	.LVL52:
 538              		.loc 1 92 1 view .LVU154
ARM GAS  C:\Users\baske\AppData\Local\Temp\cc41t0cx.s 			page 14


 539 0002 7047     		bx	lr
 540              		.cfi_endproc
 541              	.LFE135:
 543              		.section	.text.Drive_DCMotor_Angle,"ax",%progbits
 544              		.align	1
 545              		.global	Drive_DCMotor_Angle
 546              		.syntax unified
 547              		.thumb
 548              		.thumb_func
 550              	Drive_DCMotor_Angle:
 551              	.LVL53:
 552              	.LFB136:
  93:Core/Src/motor.c **** 
  94:Core/Src/motor.c **** DCMotor_Error Drive_DCMotor_Angle(const DCMotor_Instance_t* dcMotor){
 553              		.loc 1 94 69 is_stmt 1 view -0
 554              		.cfi_startproc
 555              		@ args = 0, pretend = 0, frame = 0
 556              		@ frame_needed = 0, uses_anonymous_args = 0
 557              		@ link register save eliminated.
  95:Core/Src/motor.c **** 
  96:Core/Src/motor.c ****     
  97:Core/Src/motor.c ****     return DC_MOTOR_OK;
 558              		.loc 1 97 5 view .LVU156
  98:Core/Src/motor.c **** }
 559              		.loc 1 98 1 is_stmt 0 view .LVU157
 560 0000 0020     		movs	r0, #0
 561              	.LVL54:
 562              		.loc 1 98 1 view .LVU158
 563 0002 7047     		bx	lr
 564              		.cfi_endproc
 565              	.LFE136:
 567              		.section	.text.Actuator_Init,"ax",%progbits
 568              		.align	1
 569              		.global	Actuator_Init
 570              		.syntax unified
 571              		.thumb
 572              		.thumb_func
 574              	Actuator_Init:
 575              	.LVL55:
 576              	.LFB137:
  99:Core/Src/motor.c **** 
 100:Core/Src/motor.c **** //Actuator Functions
 101:Core/Src/motor.c **** Actuator_Error Actuator_Init(Actuator_Instance_t* act){
 577              		.loc 1 101 55 is_stmt 1 view -0
 578              		.cfi_startproc
 579              		@ args = 0, pretend = 0, frame = 0
 580              		@ frame_needed = 0, uses_anonymous_args = 0
 581              		@ link register save eliminated.
 102:Core/Src/motor.c **** 
 103:Core/Src/motor.c **** 
 104:Core/Src/motor.c ****     return ACTUATOR_OK;
 582              		.loc 1 104 5 view .LVU160
 105:Core/Src/motor.c **** }
 583              		.loc 1 105 1 is_stmt 0 view .LVU161
 584 0000 0020     		movs	r0, #0
 585              	.LVL56:
 586              		.loc 1 105 1 view .LVU162
ARM GAS  C:\Users\baske\AppData\Local\Temp\cc41t0cx.s 			page 15


 587 0002 7047     		bx	lr
 588              		.cfi_endproc
 589              	.LFE137:
 591              		.section	.text.Drive_Actuator,"ax",%progbits
 592              		.align	1
 593              		.global	Drive_Actuator
 594              		.syntax unified
 595              		.thumb
 596              		.thumb_func
 598              	Drive_Actuator:
 599              	.LVL57:
 600              	.LFB138:
 106:Core/Src/motor.c **** 
 107:Core/Src/motor.c **** Actuator_Error Drive_Actuator(const Actuator_Instance_t* act){
 601              		.loc 1 107 62 is_stmt 1 view -0
 602              		.cfi_startproc
 603              		@ args = 0, pretend = 0, frame = 0
 604              		@ frame_needed = 0, uses_anonymous_args = 0
 605              		@ link register save eliminated.
 108:Core/Src/motor.c **** 
 109:Core/Src/motor.c **** 
 110:Core/Src/motor.c ****     return ACTUATOR_OK;
 606              		.loc 1 110 5 view .LVU164
 111:Core/Src/motor.c **** }
 607              		.loc 1 111 1 is_stmt 0 view .LVU165
 608 0000 0020     		movs	r0, #0
 609              	.LVL58:
 610              		.loc 1 111 1 view .LVU166
 611 0002 7047     		bx	lr
 612              		.cfi_endproc
 613              	.LFE138:
 615              		.section	.bss.freqError,"aw",%nobits
 616              		.set	.LANCHOR0,. + 0
 619              	freqError:
 620 0000 00       		.space	1
 621              		.text
 622              	.Letext0:
 623              		.file 2 "c:\\users\\baske\\appdata\\roaming\\code\\user\\globalstorage\\bmd.stm32-for-vscode\\@xpa
 624              		.file 3 "c:\\users\\baske\\appdata\\roaming\\code\\user\\globalstorage\\bmd.stm32-for-vscode\\@xpa
 625              		.file 4 "Drivers/CMSIS/Device/ST/STM32F4xx/Include/stm32f446xx.h"
 626              		.file 5 "Drivers/STM32F4xx_HAL_Driver/Inc/stm32f4xx_hal_def.h"
 627              		.file 6 "Drivers/STM32F4xx_HAL_Driver/Inc/stm32f4xx_hal_dma.h"
 628              		.file 7 "Drivers/STM32F4xx_HAL_Driver/Inc/stm32f4xx_hal_tim.h"
 629              		.file 8 "Core/Inc/motor.h"
 630              		.file 9 "Drivers/STM32F4xx_HAL_Driver/Inc/stm32f4xx_hal_rcc.h"
ARM GAS  C:\Users\baske\AppData\Local\Temp\cc41t0cx.s 			page 16


DEFINED SYMBOLS
                            *ABS*:0000000000000000 motor.c
C:\Users\baske\AppData\Local\Temp\cc41t0cx.s:20     .text.Get_Freq:0000000000000000 $t
C:\Users\baske\AppData\Local\Temp\cc41t0cx.s:25     .text.Get_Freq:0000000000000000 Get_Freq
C:\Users\baske\AppData\Local\Temp\cc41t0cx.s:51     .text.Drive_Servo:0000000000000000 $t
C:\Users\baske\AppData\Local\Temp\cc41t0cx.s:57     .text.Drive_Servo:0000000000000000 Drive_Servo
C:\Users\baske\AppData\Local\Temp\cc41t0cx.s:375    .text.Drive_Servo:00000000000000f4 $d
C:\Users\baske\AppData\Local\Temp\cc41t0cx.s:380    .text.Servo_Init:0000000000000000 $t
C:\Users\baske\AppData\Local\Temp\cc41t0cx.s:386    .text.Servo_Init:0000000000000000 Servo_Init
C:\Users\baske\AppData\Local\Temp\cc41t0cx.s:491    .text.Servo_Init:000000000000006c $d
C:\Users\baske\AppData\Local\Temp\cc41t0cx.s:496    .text.DCMotor_Init:0000000000000000 $t
C:\Users\baske\AppData\Local\Temp\cc41t0cx.s:502    .text.DCMotor_Init:0000000000000000 DCMotor_Init
C:\Users\baske\AppData\Local\Temp\cc41t0cx.s:520    .text.Drive_DCMotor:0000000000000000 $t
C:\Users\baske\AppData\Local\Temp\cc41t0cx.s:526    .text.Drive_DCMotor:0000000000000000 Drive_DCMotor
C:\Users\baske\AppData\Local\Temp\cc41t0cx.s:544    .text.Drive_DCMotor_Angle:0000000000000000 $t
C:\Users\baske\AppData\Local\Temp\cc41t0cx.s:550    .text.Drive_DCMotor_Angle:0000000000000000 Drive_DCMotor_Angle
C:\Users\baske\AppData\Local\Temp\cc41t0cx.s:568    .text.Actuator_Init:0000000000000000 $t
C:\Users\baske\AppData\Local\Temp\cc41t0cx.s:574    .text.Actuator_Init:0000000000000000 Actuator_Init
C:\Users\baske\AppData\Local\Temp\cc41t0cx.s:592    .text.Drive_Actuator:0000000000000000 $t
C:\Users\baske\AppData\Local\Temp\cc41t0cx.s:598    .text.Drive_Actuator:0000000000000000 Drive_Actuator
C:\Users\baske\AppData\Local\Temp\cc41t0cx.s:619    .bss.freqError:0000000000000000 freqError
C:\Users\baske\AppData\Local\Temp\cc41t0cx.s:620    .bss.freqError:0000000000000000 $d

UNDEFINED SYMBOLS
HAL_RCC_GetSysClockFreq
